libc++abi.dylib: terminating with uncaught exception of type boost::wrapexcept<boost::system::system_error>: Invalid argument
*** Aborted at 1602458497 (unix time) try "date -d @1602458497" if you are using GNU date ***
PC: @                0x0 (unknown)
*** SIGABRT (@0x7fff678db33a) received by PID 35290 (TID 0x70000af12000) stack trace: ***
    @     0x7fff6798c5fd _sigtramp
    @        0x100000400 (unknown)
    @     0x7fff67862808 abort
libc++abi.dylib: terminating with uncaught exception of type boost::wrapexcept<boost::system::system_error>: Invalid argument
    @     0x7fff64ac1458 abort_message
    @     0x7fff64ab28a7 demangling_terminate_handler()
    @     0x7fff665ed5b1 _objc_terminate()
    @     0x7fff64ac0887 std::__terminate()
    @     0x7fff64ac31a2 __cxxabiv1::failed_throw()
    @     0x7fff64ac3169 __cxa_throw
    @        0x107d36258 boost::throw_exception<>()
    @        0x107d361ec boost::asio::detail::do_throw_error()
    @        0x107d378f6 boost::asio::ip::make_address()
    @        0x10791536b ParseUrlEndpoint()
    @        0x1075721ee plasma::PlasmaStore::PlasmaStore()
    @        0x10757f888 plasma::PlasmaStoreRunner::Start()
    @        0x10754742e std::__1::__thread_proxy<>()
    @     0x7fff67998109 _pthread_start
    @     0x7fff67993b8b thread_start
