2021-04-22 21:39:39,578	INFO services.py:1164 -- View the Ray dashboard at [1m[32mhttp://127.0.0.1:8265[39m[22m
[2m[36m(pid=35545)[0m Degrees of freedom <= 0 for slice
[2m[36m(pid=35545)[0m invalid value encountered in double_scalars
[2m[36m(pid=35539)[0m Degrees of freedom <= 0 for slice
[2m[36m(pid=35539)[0m invalid value encountered in double_scalars
[2m[36m(pid=35545)[0m Degrees of freedom <= 0 for slice
[2m[36m(pid=35545)[0m invalid value encountered in double_scalars
[2m[36m(pid=35545)[0m invalid value encountered in true_divide
[2m[36m(pid=35545)[0m Mean of empty slice.
[2m[36m(pid=35545)[0m invalid value encountered in double_scalars
[2m[36m(pid=35526)[0m Degrees of freedom <= 0 for slice
[2m[36m(pid=35526)[0m invalid value encountered in double_scalars
[2m[36m(pid=35526)[0m invalid value encountered in true_divide
[2m[36m(pid=35526)[0m Mean of empty slice.
[2m[36m(pid=35526)[0m invalid value encountered in double_scalars
[2m[36m(pid=35545)[0m Degrees of freedom <= 0 for slice
[2m[36m(pid=35545)[0m invalid value encountered in double_scalars
[2m[36m(pid=35545)[0m invalid value encountered in true_divide
[2m[36m(pid=35545)[0m Mean of empty slice.
[2m[36m(pid=35545)[0m invalid value encountered in double_scalars
[2m[36m(pid=35526)[0m Degrees of freedom <= 0 for slice
[2m[36m(pid=35526)[0m invalid value encountered in double_scalars
[2m[36m(pid=35539)[0m Degrees of freedom <= 0 for slice
[2m[36m(pid=35539)[0m invalid value encountered in true_divide
[2m[36m(pid=35539)[0m invalid value encountered in double_scalars
[2m[36m(pid=35539)[0m Mean of empty slice.
[2m[36m(pid=35539)[0m invalid value encountered in double_scalars
[2m[36m(pid=35526)[0m Degrees of freedom <= 0 for slice
[2m[36m(pid=35526)[0m invalid value encountered in double_scalars
[2m[36m(pid=35545)[0m Degrees of freedom <= 0 for slice
[2m[36m(pid=35545)[0m invalid value encountered in double_scalars
[2m[36m(pid=35545)[0m invalid value encountered in true_divide
[2m[36m(pid=35545)[0m Mean of empty slice.
[2m[36m(pid=35545)[0m invalid value encountered in double_scalars
[2m[36m(pid=35535)[0m Degrees of freedom <= 0 for slice
[2m[36m(pid=35535)[0m invalid value encountered in double_scalars
[2m[36m(pid=35526)[0m Degrees of freedom <= 0 for slice
[2m[36m(pid=35526)[0m invalid value encountered in true_divide
[2m[36m(pid=35526)[0m invalid value encountered in double_scalars
[2m[36m(pid=35526)[0m Mean of empty slice.
[2m[36m(pid=35526)[0m invalid value encountered in double_scalars
[2m[36m(pid=35545)[0m Degrees of freedom <= 0 for slice
[2m[36m(pid=35545)[0m invalid value encountered in double_scalars
[2m[36m(pid=35545)[0m invalid value encountered in true_divide
[2m[36m(pid=35545)[0m Mean of empty slice.
[2m[36m(pid=35545)[0m invalid value encountered in double_scalars
[2m[36m(pid=35526)[0m Degrees of freedom <= 0 for slice
[2m[36m(pid=35526)[0m invalid value encountered in double_scalars
[2m[36m(pid=35526)[0m invalid value encountered in true_divide
[2m[36m(pid=35526)[0m Mean of empty slice.
[2m[36m(pid=35526)[0m invalid value encountered in double_scalars
[2m[36m(pid=35545)[0m Degrees of freedom <= 0 for slice
[2m[36m(pid=35545)[0m invalid value encountered in double_scalars
[2m[36m(pid=35539)[0m Degrees of freedom <= 0 for slice
[2m[36m(pid=35539)[0m invalid value encountered in double_scalars
[2m[36m(pid=35526)[0m Degrees of freedom <= 0 for slice
[2m[36m(pid=35526)[0m invalid value encountered in double_scalars
[2m[36m(pid=35526)[0m Degrees of freedom <= 0 for slice
[2m[36m(pid=35526)[0m invalid value encountered in double_scalars
[2m[36m(pid=35545)[0m Degrees of freedom <= 0 for slice
[2m[36m(pid=35545)[0m invalid value encountered in double_scalars
[2m[36m(pid=35545)[0m invalid value encountered in true_divide
[2m[36m(pid=35545)[0m Mean of empty slice.
[2m[36m(pid=35545)[0m invalid value encountered in double_scalars
[2m[36m(pid=35539)[0m Degrees of freedom <= 0 for slice
[2m[36m(pid=35539)[0m invalid value encountered in double_scalars
[2m[36m(pid=35526)[0m Degrees of freedom <= 0 for slice
[2m[36m(pid=35526)[0m invalid value encountered in double_scalars
[2m[36m(pid=35535)[0m Degrees of freedom <= 0 for slice
[2m[36m(pid=35535)[0m invalid value encountered in double_scalars
[2m[36m(pid=35545)[0m Degrees of freedom <= 0 for slice
[2m[36m(pid=35545)[0m invalid value encountered in true_divide
[2m[36m(pid=35545)[0m invalid value encountered in double_scalars
[2m[36m(pid=35545)[0m Mean of empty slice.
[2m[36m(pid=35545)[0m invalid value encountered in double_scalars
[2m[36m(pid=35526)[0m Degrees of freedom <= 0 for slice
[2m[36m(pid=35526)[0m invalid value encountered in true_divide
[2m[36m(pid=35526)[0m invalid value encountered in double_scalars
[2m[36m(pid=35526)[0m Mean of empty slice.
[2m[36m(pid=35526)[0m invalid value encountered in double_scalars
[2m[36m(pid=35539)[0m Degrees of freedom <= 0 for slice
[2m[36m(pid=35539)[0m invalid value encountered in double_scalars
[2m[36m(pid=35525)[0m Degrees of freedom <= 0 for slice
[2m[36m(pid=35525)[0m invalid value encountered in double_scalars
[2m[36m(pid=35526)[0m Degrees of freedom <= 0 for slice
[2m[36m(pid=35526)[0m invalid value encountered in true_divide
[2m[36m(pid=35526)[0m invalid value encountered in double_scalars
[2m[36m(pid=35526)[0m Mean of empty slice.
[2m[36m(pid=35526)[0m invalid value encountered in double_scalars
[2m[36m(pid=35545)[0m Degrees of freedom <= 0 for slice
[2m[36m(pid=35545)[0m invalid value encountered in double_scalars
[2m[36m(pid=35535)[0m Degrees of freedom <= 0 for slice
[2m[36m(pid=35535)[0m invalid value encountered in double_scalars
[2m[36m(pid=35545)[0m Degrees of freedom <= 0 for slice
[2m[36m(pid=35545)[0m invalid value encountered in double_scalars
[2m[36m(pid=35526)[0m Degrees of freedom <= 0 for slice
[2m[36m(pid=35526)[0m invalid value encountered in true_divide
[2m[36m(pid=35526)[0m invalid value encountered in double_scalars
[2m[36m(pid=35526)[0m Mean of empty slice.
[2m[36m(pid=35526)[0m invalid value encountered in double_scalars
[2m[36m(pid=35539)[0m Degrees of freedom <= 0 for slice
[2m[36m(pid=35539)[0m invalid value encountered in double_scalars
[2m[36m(pid=35545)[0m Degrees of freedom <= 0 for slice
[2m[36m(pid=35545)[0m invalid value encountered in true_divide
[2m[36m(pid=35545)[0m invalid value encountered in double_scalars
[2m[36m(pid=35545)[0m Mean of empty slice.
[2m[36m(pid=35545)[0m invalid value encountered in double_scalars
[2m[36m(pid=35526)[0m Degrees of freedom <= 0 for slice
[2m[36m(pid=35526)[0m invalid value encountered in double_scalars
[2m[36m(pid=35539)[0m Degrees of freedom <= 0 for slice
[2m[36m(pid=35539)[0m invalid value encountered in double_scalars
[2m[36m(pid=35526)[0m Degrees of freedom <= 0 for slice
[2m[36m(pid=35526)[0m invalid value encountered in true_divide
[2m[36m(pid=35526)[0m invalid value encountered in double_scalars
[2m[36m(pid=35526)[0m Mean of empty slice.
[2m[36m(pid=35526)[0m invalid value encountered in double_scalars
[2m[36m(pid=35545)[0m Degrees of freedom <= 0 for slice
[2m[36m(pid=35545)[0m invalid value encountered in double_scalars
[2m[36m(pid=35526)[0m Degrees of freedom <= 0 for slice
[2m[36m(pid=35526)[0m invalid value encountered in double_scalars
[2m[36m(pid=35526)[0m invalid value encountered in true_divide
[2m[36m(pid=35526)[0m Mean of empty slice.
[2m[36m(pid=35526)[0m invalid value encountered in double_scalars
[2m[36m(pid=35539)[0m Degrees of freedom <= 0 for slice
[2m[36m(pid=35539)[0m invalid value encountered in double_scalars
[2m[36m(pid=35545)[0m Degrees of freedom <= 0 for slice
[2m[36m(pid=35545)[0m invalid value encountered in double_scalars
[2m[36m(pid=35539)[0m Degrees of freedom <= 0 for slice
[2m[36m(pid=35539)[0m invalid value encountered in double_scalars
[2m[36m(pid=35539)[0m invalid value encountered in true_divide
[2m[36m(pid=35539)[0m Mean of empty slice.
[2m[36m(pid=35539)[0m invalid value encountered in double_scalars
[2m[36m(pid=35545)[0m Degrees of freedom <= 0 for slice
[2m[36m(pid=35545)[0m invalid value encountered in double_scalars
[2m[36m(pid=35526)[0m Degrees of freedom <= 0 for slice
[2m[36m(pid=35526)[0m invalid value encountered in double_scalars
[2m[36m(pid=35526)[0m invalid value encountered in true_divide
[2m[36m(pid=35526)[0m Mean of empty slice.
[2m[36m(pid=35526)[0m invalid value encountered in double_scalars
[2m[36m(pid=35539)[0m Degrees of freedom <= 0 for slice
[2m[36m(pid=35539)[0m invalid value encountered in double_scalars
[2m[36m(pid=35526)[0m Degrees of freedom <= 0 for slice
[2m[36m(pid=35526)[0m invalid value encountered in double_scalars
[2m[36m(pid=35526)[0m invalid value encountered in true_divide
[2m[36m(pid=35526)[0m Mean of empty slice.
[2m[36m(pid=35526)[0m invalid value encountered in double_scalars
[2m[36m(pid=35545)[0m Degrees of freedom <= 0 for slice
[2m[36m(pid=35545)[0m invalid value encountered in double_scalars
[2m[36m(pid=35545)[0m invalid value encountered in true_divide
[2m[36m(pid=35545)[0m Mean of empty slice.
[2m[36m(pid=35545)[0m invalid value encountered in double_scalars
[2m[36m(pid=35526)[0m Degrees of freedom <= 0 for slice
[2m[36m(pid=35526)[0m invalid value encountered in double_scalars
[2m[36m(pid=35545)[0m Degrees of freedom <= 0 for slice
[2m[36m(pid=35545)[0m invalid value encountered in double_scalars
[2m[36m(pid=35545)[0m invalid value encountered in true_divide
[2m[36m(pid=35545)[0m Mean of empty slice.
[2m[36m(pid=35545)[0m invalid value encountered in double_scalars
[2m[36m(pid=35526)[0m Degrees of freedom <= 0 for slice
[2m[36m(pid=35526)[0m invalid value encountered in double_scalars
[2m[36m(pid=35526)[0m invalid value encountered in true_divide
[2m[36m(pid=35526)[0m Mean of empty slice.
[2m[36m(pid=35526)[0m invalid value encountered in double_scalars
[2m[36m(pid=35539)[0m Degrees of freedom <= 0 for slice
[2m[36m(pid=35539)[0m invalid value encountered in true_divide
[2m[36m(pid=35539)[0m invalid value encountered in double_scalars
[2m[36m(pid=35539)[0m Mean of empty slice.
[2m[36m(pid=35539)[0m invalid value encountered in double_scalars
[2m[36m(pid=35545)[0m Degrees of freedom <= 0 for slice
[2m[36m(pid=35545)[0m invalid value encountered in double_scalars
[2m[36m(pid=35545)[0m invalid value encountered in true_divide
[2m[36m(pid=35545)[0m Mean of empty slice.
[2m[36m(pid=35545)[0m invalid value encountered in double_scalars
[2m[36m(pid=35526)[0m Degrees of freedom <= 0 for slice
[2m[36m(pid=35526)[0m invalid value encountered in double_scalars
[2m[36m(pid=35526)[0m invalid value encountered in true_divide
[2m[36m(pid=35526)[0m Mean of empty slice.
[2m[36m(pid=35526)[0m invalid value encountered in double_scalars
[2m[36m(pid=35535)[0m Degrees of freedom <= 0 for slice
[2m[36m(pid=35535)[0m invalid value encountered in double_scalars
[2m[36m(pid=35545)[0m Degrees of freedom <= 0 for slice
[2m[36m(pid=35545)[0m invalid value encountered in double_scalars
[2m[36m(pid=35545)[0m invalid value encountered in true_divide
[2m[36m(pid=35545)[0m Mean of empty slice.
[2m[36m(pid=35545)[0m invalid value encountered in double_scalars
[2m[36m(pid=35526)[0m Degrees of freedom <= 0 for slice
[2m[36m(pid=35526)[0m invalid value encountered in double_scalars
[2m[36m(pid=35526)[0m Degrees of freedom <= 0 for slice
[2m[36m(pid=35526)[0m invalid value encountered in double_scalars
[2m[36m(pid=35545)[0m Degrees of freedom <= 0 for slice
[2m[36m(pid=35545)[0m invalid value encountered in double_scalars
[2m[36m(pid=35526)[0m Degrees of freedom <= 0 for slice
[2m[36m(pid=35526)[0m invalid value encountered in double_scalars
[2m[36m(pid=35526)[0m invalid value encountered in true_divide
[2m[36m(pid=35526)[0m Mean of empty slice.
[2m[36m(pid=35526)[0m invalid value encountered in double_scalars
[2m[36m(pid=35539)[0m Degrees of freedom <= 0 for slice
[2m[36m(pid=35539)[0m invalid value encountered in double_scalars
[2m[36m(pid=35545)[0m Degrees of freedom <= 0 for slice
[2m[36m(pid=35545)[0m invalid value encountered in double_scalars
[2m[36m(pid=35545)[0m invalid value encountered in true_divide
[2m[36m(pid=35545)[0m Mean of empty slice.
[2m[36m(pid=35545)[0m invalid value encountered in double_scalars
[2m[36m(pid=35526)[0m Degrees of freedom <= 0 for slice
[2m[36m(pid=35526)[0m invalid value encountered in true_divide
[2m[36m(pid=35526)[0m invalid value encountered in double_scalars
[2m[36m(pid=35526)[0m Mean of empty slice.
[2m[36m(pid=35526)[0m invalid value encountered in double_scalars
[2m[36m(pid=35539)[0m Degrees of freedom <= 0 for slice
[2m[36m(pid=35539)[0m invalid value encountered in double_scalars
[2m[36m(pid=35545)[0m Degrees of freedom <= 0 for slice
[2m[36m(pid=35545)[0m invalid value encountered in double_scalars
[2m[36m(pid=35535)[0m Degrees of freedom <= 0 for slice
[2m[36m(pid=35535)[0m invalid value encountered in double_scalars
[2m[36m(pid=35545)[0m Degrees of freedom <= 0 for slice
[2m[36m(pid=35545)[0m invalid value encountered in true_divide
[2m[36m(pid=35545)[0m invalid value encountered in double_scalars
[2m[36m(pid=35545)[0m Mean of empty slice.
[2m[36m(pid=35545)[0m invalid value encountered in double_scalars
[2m[36m(pid=35526)[0m Degrees of freedom <= 0 for slice
[2m[36m(pid=35526)[0m invalid value encountered in true_divide
[2m[36m(pid=35526)[0m invalid value encountered in double_scalars
[2m[36m(pid=35526)[0m Mean of empty slice.
[2m[36m(pid=35526)[0m invalid value encountered in double_scalars
[2m[36m(pid=35525)[0m Degrees of freedom <= 0 for slice
[2m[36m(pid=35525)[0m invalid value encountered in double_scalars
[2m[36m(pid=35539)[0m Degrees of freedom <= 0 for slice
[2m[36m(pid=35539)[0m invalid value encountered in double_scalars
[2m[36m(pid=35545)[0m Degrees of freedom <= 0 for slice
[2m[36m(pid=35545)[0m invalid value encountered in double_scalars
[2m[36m(pid=35526)[0m Degrees of freedom <= 0 for slice
[2m[36m(pid=35526)[0m invalid value encountered in double_scalars
[2m[36m(pid=35545)[0m Degrees of freedom <= 0 for slice
[2m[36m(pid=35545)[0m invalid value encountered in double_scalars
[2m[36m(pid=35535)[0m Degrees of freedom <= 0 for slice
[2m[36m(pid=35535)[0m invalid value encountered in double_scalars
[2m[36m(pid=35545)[0m Degrees of freedom <= 0 for slice
[2m[36m(pid=35545)[0m invalid value encountered in double_scalars
[2m[36m(pid=35526)[0m Degrees of freedom <= 0 for slice
[2m[36m(pid=35526)[0m invalid value encountered in double_scalars
[2m[36m(pid=35539)[0m Degrees of freedom <= 0 for slice
[2m[36m(pid=35539)[0m invalid value encountered in double_scalars
[2m[36m(pid=35526)[0m Degrees of freedom <= 0 for slice
[2m[36m(pid=35526)[0m invalid value encountered in true_divide
[2m[36m(pid=35526)[0m invalid value encountered in double_scalars
[2m[36m(pid=35526)[0m Mean of empty slice.
[2m[36m(pid=35526)[0m invalid value encountered in double_scalars
[2m[36m(pid=35545)[0m Degrees of freedom <= 0 for slice
[2m[36m(pid=35545)[0m invalid value encountered in double_scalars
[2m[36m(pid=35545)[0m Degrees of freedom <= 0 for slice
[2m[36m(pid=35545)[0m invalid value encountered in double_scalars
[2m[36m(pid=35539)[0m Degrees of freedom <= 0 for slice
[2m[36m(pid=35539)[0m invalid value encountered in double_scalars
[2m[36m(pid=35526)[0m Degrees of freedom <= 0 for slice
[2m[36m(pid=35526)[0m invalid value encountered in double_scalars
[2m[36m(pid=35526)[0m invalid value encountered in true_divide
[2m[36m(pid=35526)[0m Mean of empty slice.
[2m[36m(pid=35526)[0m invalid value encountered in double_scalars
[2m[36m(pid=35545)[0m Degrees of freedom <= 0 for slice
[2m[36m(pid=35545)[0m invalid value encountered in double_scalars
[2m[36m(pid=35539)[0m Degrees of freedom <= 0 for slice
[2m[36m(pid=35539)[0m invalid value encountered in double_scalars
[2m[36m(pid=35545)[0m Degrees of freedom <= 0 for slice
[2m[36m(pid=35545)[0m invalid value encountered in double_scalars
[2m[36m(pid=35526)[0m Degrees of freedom <= 0 for slice
[2m[36m(pid=35526)[0m invalid value encountered in double_scalars
[2m[36m(pid=35526)[0m invalid value encountered in true_divide
[2m[36m(pid=35526)[0m Mean of empty slice.
[2m[36m(pid=35526)[0m invalid value encountered in double_scalars
[2m[36m(pid=35539)[0m Degrees of freedom <= 0 for slice
[2m[36m(pid=35539)[0m invalid value encountered in double_scalars
[2m[36m(pid=35539)[0m invalid value encountered in true_divide
[2m[36m(pid=35539)[0m Mean of empty slice.
[2m[36m(pid=35539)[0m invalid value encountered in double_scalars
[2m[36m(pid=35545)[0m Degrees of freedom <= 0 for slice
[2m[36m(pid=35545)[0m invalid value encountered in double_scalars
[2m[36m(pid=35526)[0m Degrees of freedom <= 0 for slice
[2m[36m(pid=35526)[0m invalid value encountered in double_scalars
[2m[36m(pid=35526)[0m invalid value encountered in true_divide
[2m[36m(pid=35526)[0m Mean of empty slice.
[2m[36m(pid=35526)[0m invalid value encountered in double_scalars
[2m[36m(pid=35539)[0m Degrees of freedom <= 0 for slice
[2m[36m(pid=35539)[0m invalid value encountered in double_scalars
[2m[36m(pid=35526)[0m Degrees of freedom <= 0 for slice
[2m[36m(pid=35526)[0m invalid value encountered in double_scalars
[2m[36m(pid=35526)[0m Degrees of freedom <= 0 for slice
[2m[36m(pid=35526)[0m invalid value encountered in double_scalars
[2m[36m(pid=35545)[0m Degrees of freedom <= 0 for slice
[2m[36m(pid=35545)[0m invalid value encountered in double_scalars
[2m[36m(pid=35545)[0m invalid value encountered in true_divide
[2m[36m(pid=35545)[0m Mean of empty slice.
[2m[36m(pid=35545)[0m invalid value encountered in double_scalars
[2m[36m(pid=35545)[0m Degrees of freedom <= 0 for slice
[2m[36m(pid=35545)[0m invalid value encountered in double_scalars
[2m[36m(pid=35545)[0m invalid value encountered in true_divide
[2m[36m(pid=35545)[0m Mean of empty slice.
[2m[36m(pid=35545)[0m invalid value encountered in double_scalars
[2m[36m(pid=35539)[0m Degrees of freedom <= 0 for slice
[2m[36m(pid=35539)[0m invalid value encountered in true_divide
[2m[36m(pid=35539)[0m invalid value encountered in double_scalars
[2m[36m(pid=35539)[0m Mean of empty slice.
[2m[36m(pid=35539)[0m invalid value encountered in double_scalars
[2m[36m(pid=35545)[0m Degrees of freedom <= 0 for slice
[2m[36m(pid=35545)[0m invalid value encountered in double_scalars
[2m[36m(pid=35545)[0m invalid value encountered in true_divide
[2m[36m(pid=35545)[0m Mean of empty slice.
[2m[36m(pid=35545)[0m invalid value encountered in double_scalars
