OMP: Info #276: omp_set_nested routine deprecated, please use omp_set_max_active_levels instead.
/home/akanji/miniconda3/envs/seldnian-pre/lib/python3.8/site-packages/numba/core/ir_utils.py:2139: NumbaPendingDeprecationWarning: [1m
Encountered the use of a type that is scheduled for deprecation: type 'reflected list' found for argument 'mdps' of function 'train'.

For more information visit https://numba.pydata.org/numba-doc/latest/reference/deprecation.html#deprecation-of-reflection-for-list-and-set-types
[1m
File "run_hcga.py", line 54:[0m
[1m@njit
[1mdef train(agent, mdps, eps, seed=42, epoch=1):
[0m[1m^[0m[0m
[0m
  warnings.warn(NumbaPendingDeprecationWarning(msg, loc=loc))
Traceback (most recent call last):
  File "run_hcga.py", line 293, in <module>
    main(int(i), args)
  File "run_hcga.py", line 106, in main
    results.append(run_experiment(
  File "run_hcga.py", line 174, in run_experiment
    t_mdps_tr, t_mdps_s = train_test_split(
  File "/home/akanji/miniconda3/envs/seldnian-pre/lib/python3.8/site-packages/sklearn/model_selection/_split.py", line 2130, in train_test_split
    n_train, n_test = _validate_shuffle_split(n_samples, test_size, train_size,
  File "/home/akanji/miniconda3/envs/seldnian-pre/lib/python3.8/site-packages/sklearn/model_selection/_split.py", line 1810, in _validate_shuffle_split
    raise ValueError(
ValueError: With n_samples=1, test_size=0.2 and train_size=None, the resulting train set will be empty. Adjust any of the aforementioned parameters.
