2021-05-04 18:58:34,331	INFO services.py:1164 -- View the Ray dashboard at [1m[32mhttp://127.0.0.1:8265[39m[22m
2021-05-04 18:58:44,779	WARNING worker.py:1072 -- The actor or task with ID df5a1a828c9685d3ffffffff01000000 is pending and cannot currently be scheduled. It requires {CPU: 1.000000} for execution and {CPU: 1.000000} for placement, but this node only has remaining {node:10.128.0.26: 1.000000}, {CPU: 56.000000}, {memory: 74.951172 GiB}, {object_store_memory: 24.902344 GiB}. In total there are 1 pending tasks and 0 pending actors on this node. This is likely due to all cluster resources being claimed by actors. To resolve the issue, consider creating fewer actors or increase the resources available to this Ray cluster. You can ignore this message if this Ray cluster is expected to auto-scale.
[2m[36m(pid=42452)[0m Degrees of freedom <= 0 for slice
[2m[36m(pid=42452)[0m invalid value encountered in double_scalars
[2m[36m(pid=42452)[0m invalid value encountered in true_divide
[2m[36m(pid=42452)[0m Mean of empty slice.
[2m[36m(pid=42452)[0m invalid value encountered in double_scalars
[2m[36m(pid=42452)[0m Degrees of freedom <= 0 for slice
[2m[36m(pid=42452)[0m invalid value encountered in double_scalars
[2m[36m(pid=42452)[0m Degrees of freedom <= 0 for slice
[2m[36m(pid=42452)[0m invalid value encountered in double_scalars
[2m[36m(pid=42452)[0m Degrees of freedom <= 0 for slice
[2m[36m(pid=42452)[0m invalid value encountered in true_divide
[2m[36m(pid=42452)[0m invalid value encountered in double_scalars
[2m[36m(pid=42452)[0m Mean of empty slice.
[2m[36m(pid=42452)[0m invalid value encountered in double_scalars
[2m[36m(pid=42452)[0m Degrees of freedom <= 0 for slice
[2m[36m(pid=42452)[0m invalid value encountered in double_scalars
[2m[36m(pid=42452)[0m invalid value encountered in true_divide
[2m[36m(pid=42452)[0m Mean of empty slice.
[2m[36m(pid=42452)[0m invalid value encountered in double_scalars
[2m[36m(pid=42452)[0m Degrees of freedom <= 0 for slice
[2m[36m(pid=42452)[0m invalid value encountered in double_scalars
[2m[36m(pid=42452)[0m Degrees of freedom <= 0 for slice
[2m[36m(pid=42452)[0m invalid value encountered in double_scalars
[2m[36m(pid=42452)[0m Degrees of freedom <= 0 for slice
[2m[36m(pid=42452)[0m invalid value encountered in double_scalars
[2m[36m(pid=42452)[0m Degrees of freedom <= 0 for slice
[2m[36m(pid=42452)[0m invalid value encountered in true_divide
[2m[36m(pid=42452)[0m invalid value encountered in double_scalars
[2m[36m(pid=42452)[0m Mean of empty slice.
[2m[36m(pid=42452)[0m invalid value encountered in double_scalars
[2m[36m(pid=42452)[0m Degrees of freedom <= 0 for slice
[2m[36m(pid=42452)[0m invalid value encountered in true_divide
[2m[36m(pid=42452)[0m invalid value encountered in double_scalars
[2m[36m(pid=42452)[0m Mean of empty slice.
[2m[36m(pid=42452)[0m invalid value encountered in double_scalars
