2021-05-05 09:06:06,103	INFO services.py:1164 -- View the Ray dashboard at [1m[32mhttp://127.0.0.1:8265[39m[22m
[2m[36m(pid=3384)[0m Degrees of freedom <= 0 for slice
[2m[36m(pid=3384)[0m invalid value encountered in double_scalars
[2m[36m(pid=3384)[0m invalid value encountered in true_divide
[2m[36m(pid=3384)[0m Mean of empty slice.
[2m[36m(pid=3384)[0m invalid value encountered in double_scalars
[2m[36m(pid=3384)[0m Degrees of freedom <= 0 for slice
[2m[36m(pid=3384)[0m invalid value encountered in double_scalars
[2m[36m(pid=3384)[0m invalid value encountered in true_divide
[2m[36m(pid=3384)[0m Mean of empty slice.
[2m[36m(pid=3384)[0m invalid value encountered in double_scalars
[2m[36m(pid=3384)[0m Degrees of freedom <= 0 for slice
[2m[36m(pid=3384)[0m invalid value encountered in double_scalars
[2m[36m(pid=3384)[0m invalid value encountered in true_divide
[2m[36m(pid=3384)[0m Mean of empty slice.
[2m[36m(pid=3384)[0m invalid value encountered in double_scalars
[2m[36m(pid=3384)[0m Degrees of freedom <= 0 for slice
[2m[36m(pid=3384)[0m invalid value encountered in double_scalars
[2m[36m(pid=3384)[0m invalid value encountered in true_divide
[2m[36m(pid=3384)[0m Mean of empty slice.
[2m[36m(pid=3384)[0m invalid value encountered in double_scalars
[2m[36m(pid=3384)[0m Degrees of freedom <= 0 for slice
[2m[36m(pid=3384)[0m invalid value encountered in double_scalars
[2m[36m(pid=3384)[0m Degrees of freedom <= 0 for slice
[2m[36m(pid=3384)[0m invalid value encountered in true_divide
[2m[36m(pid=3384)[0m invalid value encountered in double_scalars
[2m[36m(pid=3384)[0m Mean of empty slice.
[2m[36m(pid=3384)[0m invalid value encountered in double_scalars
[2m[36m(pid=3384)[0m Degrees of freedom <= 0 for slice
[2m[36m(pid=3384)[0m invalid value encountered in double_scalars
[2m[36m(pid=3384)[0m invalid value encountered in true_divide
[2m[36m(pid=3384)[0m Mean of empty slice.
[2m[36m(pid=3384)[0m invalid value encountered in double_scalars
[2m[36m(pid=3384)[0m Degrees of freedom <= 0 for slice
[2m[36m(pid=3384)[0m invalid value encountered in double_scalars
[2m[36m(pid=3384)[0m invalid value encountered in true_divide
[2m[36m(pid=3384)[0m Mean of empty slice.
[2m[36m(pid=3384)[0m invalid value encountered in double_scalars
[2m[36m(pid=3384)[0m Degrees of freedom <= 0 for slice
[2m[36m(pid=3384)[0m invalid value encountered in double_scalars
[2m[36m(pid=3384)[0m invalid value encountered in true_divide
[2m[36m(pid=3384)[0m Mean of empty slice.
[2m[36m(pid=3384)[0m invalid value encountered in double_scalars
[2m[36m(pid=3384)[0m Degrees of freedom <= 0 for slice
[2m[36m(pid=3384)[0m invalid value encountered in double_scalars
[2m[36m(pid=3384)[0m Degrees of freedom <= 0 for slice
[2m[36m(pid=3384)[0m invalid value encountered in double_scalars
[2m[36m(pid=3384)[0m invalid value encountered in true_divide
[2m[36m(pid=3384)[0m Mean of empty slice.
[2m[36m(pid=3384)[0m invalid value encountered in double_scalars
[2m[36m(pid=3384)[0m Degrees of freedom <= 0 for slice
[2m[36m(pid=3384)[0m invalid value encountered in double_scalars
[2m[36m(pid=3384)[0m Degrees of freedom <= 0 for slice
[2m[36m(pid=3384)[0m invalid value encountered in double_scalars
[2m[36m(pid=3384)[0m invalid value encountered in true_divide
[2m[36m(pid=3384)[0m Mean of empty slice.
[2m[36m(pid=3384)[0m invalid value encountered in double_scalars
