2020-10-31 17:07:40,880	INFO services.py:1164 -- View the Ray dashboard at [1m[32mhttp://127.0.0.1:8266[39m[22m
[2m[36m(pid=23450)[0m Traceback (most recent call last):
[2m[36m(pid=23450)[0m   File "/home/akanji/miniconda3/envs/seldnian-pre/lib/python3.8/site-packages/ray/workers/default_worker.py", line 175, in <module>
[2m[36m(pid=23450)[0m     ray.worker.connect(node, mode=mode)
[2m[36m(pid=23450)[0m   File "/home/akanji/miniconda3/envs/seldnian-pre/lib/python3.8/site-packages/ray/worker.py", line 1237, in connect
[2m[36m(pid=23450)[0m     worker.import_thread.start()
[2m[36m(pid=23450)[0m   File "/home/akanji/miniconda3/envs/seldnian-pre/lib/python3.8/site-packages/ray/import_thread.py", line 47, in start
[2m[36m(pid=23450)[0m     self.t.start()
[2m[36m(pid=23450)[0m   File "/home/akanji/miniconda3/envs/seldnian-pre/lib/python3.8/threading.py", line 852, in start
[2m[36m(pid=23450)[0m     _start_new_thread(self._bootstrap, ())
[2m[36m(pid=23450)[0m RuntimeError: can't start new thread
[2m[36m(pid=23450)[0m Error in atexit._run_exitfuncs:
[2m[36m(pid=23450)[0m Traceback (most recent call last):
[2m[36m(pid=23450)[0m   File "/home/akanji/miniconda3/envs/seldnian-pre/lib/python3.8/site-packages/ray/worker.py", line 786, in shutdown
[2m[36m(pid=23450)[0m     disconnect(_exiting_interpreter)
[2m[36m(pid=23450)[0m   File "/home/akanji/miniconda3/envs/seldnian-pre/lib/python3.8/site-packages/ray/worker.py", line 1306, in disconnect
[2m[36m(pid=23450)[0m     worker.import_thread.join_import_thread()
[2m[36m(pid=23450)[0m   File "/home/akanji/miniconda3/envs/seldnian-pre/lib/python3.8/site-packages/ray/import_thread.py", line 51, in join_import_thread
[2m[36m(pid=23450)[0m     self.t.join()
[2m[36m(pid=23450)[0m   File "/home/akanji/miniconda3/envs/seldnian-pre/lib/python3.8/threading.py", line 1006, in join
[2m[36m(pid=23450)[0m     raise RuntimeError("cannot join thread before it is started")
[2m[36m(pid=23450)[0m RuntimeError: cannot join thread before it is started
[2m[36m(pid=23518)[0m terminate called after throwing an instance of 'std::system_error'
[2m[36m(pid=23518)[0m   what():  Resource temporarily unavailable
[2m[36m(pid=23518)[0m *** Aborted at 1604178474 (unix time) try "date -d @1604178474" if you are using GNU date ***
[2m[36m(pid=23518)[0m PC: @                0x0 (unknown)
[2m[36m(pid=23518)[0m *** SIGABRT (@0x7dea00005bde) received by PID 23518 (TID 0x2aaaaaaf2ec0) from PID 23518; stack trace: ***
[2m[36m(pid=23518)[0m     @     0x2aaaaacde630 (unknown)
[2m[36m(pid=23518)[0m     @     0x2aaaaaf21387 __GI_raise
[2m[36m(pid=23518)[0m     @     0x2aaaaaf22a78 __GI_abort
[2m[36m(pid=23750)[0m terminate called after throwing an instance of 'std::system_error'
[2m[36m(pid=23750)[0m   what():  Resource temporarily unavailable
[2m[36m(pid=23750)[0m *** Aborted at 1604178474 (unix time) try "date -d @1604178474" if you are using GNU date ***
[2m[36m(pid=23750)[0m PC: @                0x0 (unknown)
[2m[36m(pid=23750)[0m *** SIGABRT (@0x7dea00005cc6) received by PID 23750 (TID 0x2aaaaaaf2ec0) from PID 23750; stack trace: ***
[2m[36m(pid=23750)[0m     @     0x2aaaaacde630 (unknown)
[2m[36m(pid=23750)[0m     @     0x2aaaaaf21387 __GI_raise
[2m[36m(pid=23750)[0m     @     0x2aaaaaf22a78 __GI_abort
[2m[36m(pid=23704)[0m terminate called after throwing an instance of 'std::system_error'
[2m[36m(pid=23704)[0m   what():  Resource temporarily unavailable
[2m[36m(pid=23704)[0m *** Aborted at 1604178474 (unix time) try "date -d @1604178474" if you are using GNU date ***
[2m[36m(pid=23704)[0m PC: @                0x0 (unknown)
[2m[36m(pid=23704)[0m *** SIGABRT (@0x7dea00005c98) received by PID 23704 (TID 0x2aaaaaaf2ec0) from PID 23704; stack trace: ***
[2m[36m(pid=23704)[0m     @     0x2aaaaacde630 (unknown)
[2m[36m(pid=23704)[0m     @     0x2aaaaaf21387 __GI_raise
[2m[36m(pid=23704)[0m     @     0x2aaaaaf22a78 __GI_abort
[2m[36m(pid=23518)[0m     @     0x2aaab330584a __gnu_cxx::__verbose_terminate_handler()
[2m[36m(pid=23750)[0m     @     0x2aaab330584a __gnu_cxx::__verbose_terminate_handler()
[2m[36m(pid=23704)[0m     @     0x2aaab330584a __gnu_cxx::__verbose_terminate_handler()
[2m[36m(pid=23750)[0m     @     0x2aaab3303f47 __cxxabiv1::__terminate()
[2m[36m(pid=23750)[0m     @     0x2aaab3303f7d std::terminate()
[2m[36m(pid=23704)[0m     @     0x2aaab3303f47 __cxxabiv1::__terminate()
[2m[36m(pid=23704)[0m     @     0x2aaab3303f7d std::terminate()
[2m[36m(pid=23704)[0m     @     0x2aaab33041a4 __cxa_rethrow
[2m[36m(pid=23518)[0m     @     0x2aaab3303f47 __cxxabiv1::__terminate()
[2m[36m(pid=23518)[0m     @     0x2aaab3303f7d std::terminate()
[2m[36m(pid=23750)[0m     @     0x2aaab33041a4 __cxa_rethrow
[2m[36m(pid=23750)[0m     @     0x2aaab2851f51 ray::CoreWorkerProcess::CreateWorker()
[2m[36m(pid=23704)[0m     @     0x2aaab2851f51 ray::CoreWorkerProcess::CreateWorker()
[2m[36m(pid=23704)[0m     @     0x2aaab2852e82 ray::CoreWorkerProcess::CoreWorkerProcess()
[2m[36m(pid=23518)[0m     @     0x2aaab33041a4 __cxa_rethrow
[2m[36m(pid=23518)[0m     @     0x2aaab2851f51 ray::CoreWorkerProcess::CreateWorker()
[2m[36m(pid=23518)[0m     @     0x2aaab2852e82 ray::CoreWorkerProcess::CoreWorkerProcess()
[2m[36m(pid=23750)[0m     @     0x2aaab2852e82 ray::CoreWorkerProcess::CoreWorkerProcess()
[2m[36m(pid=23750)[0m     @     0x2aaab285384b ray::CoreWorkerProcess::Initialize()
[2m[36m(pid=23750)[0m     @     0x2aaab2791448 __pyx_pw_3ray_7_raylet_10CoreWorker_1__cinit__()
[2m[36m(pid=23750)[0m     @     0x2aaab2792ba5 __pyx_tp_new_3ray_7_raylet_CoreWorker()
[2m[36m(pid=23750)[0m     @     0x5555556916cd _PyObject_MakeTpCall
[2m[36m(pid=23704)[0m     @     0x2aaab285384b ray::CoreWorkerProcess::Initialize()
[2m[36m(pid=23704)[0m     @     0x2aaab2791448 __pyx_pw_3ray_7_raylet_10CoreWorker_1__cinit__()
[2m[36m(pid=23704)[0m     @     0x2aaab2792ba5 __pyx_tp_new_3ray_7_raylet_CoreWorker()
[2m[36m(pid=23704)[0m     @     0x5555556916cd _PyObject_MakeTpCall
[2m[36m(pid=23704)[0m     @     0x555555718f56 _PyEval_EvalFrameDefault
[2m[36m(pid=23518)[0m     @     0x2aaab285384b ray::CoreWorkerProcess::Initialize()
[2m[36m(pid=23518)[0m     @     0x2aaab2791448 __pyx_pw_3ray_7_raylet_10CoreWorker_1__cinit__()
[2m[36m(pid=23518)[0m     @     0x2aaab2792ba5 __pyx_tp_new_3ray_7_raylet_CoreWorker()
[2m[36m(pid=23518)[0m     @     0x5555556916cd _PyObject_MakeTpCall
[2m[36m(pid=23750)[0m     @     0x555555718f56 _PyEval_EvalFrameDefault
[2m[36m(pid=23750)[0m     @     0x5555556def9f _PyEval_EvalCodeWithName
[2m[36m(pid=23750)[0m     @     0x5555556df943 _PyFunction_Vectorcall.localalias.355
[2m[36m(pid=23750)[0m     @     0x55555565411a _PyEval_EvalFrameDefault.cold.2790
[2m[36m(pid=23704)[0m     @     0x5555556def9f _PyEval_EvalCodeWithName
[2m[36m(pid=23704)[0m     @     0x5555556df943 _PyFunction_Vectorcall.localalias.355
[2m[36m(pid=23704)[0m     @     0x55555565411a _PyEval_EvalFrameDefault.cold.2790
[2m[36m(pid=23704)[0m     @     0x5555556dea92 _PyEval_EvalCodeWithName
[2m[36m(pid=23518)[0m     @     0x555555718f56 _PyEval_EvalFrameDefault
[2m[36m(pid=23518)[0m     @     0x5555556def9f _PyEval_EvalCodeWithName
[2m[36m(pid=23518)[0m     @     0x5555556df943 _PyFunction_Vectorcall.localalias.355
[2m[36m(pid=23518)[0m     @     0x55555565411a _PyEval_EvalFrameDefault.cold.2790
[2m[36m(pid=23750)[0m     @     0x5555556dea92 _PyEval_EvalCodeWithName
[2m[36m(pid=23750)[0m     @     0x5555556df754 PyEval_EvalCodeEx
[2m[36m(pid=23750)[0m     @     0x55555576dedc PyEval_EvalCode
[2m[36m(pid=23704)[0m     @     0x5555556df754 PyEval_EvalCodeEx
[2m[36m(pid=23704)[0m     @     0x55555576dedc PyEval_EvalCode
[2m[36m(pid=23704)[0m     @     0x55555576df84 run_eval_code_obj
[2m[36m(pid=23750)[0m     @     0x55555576df84 run_eval_code_obj
[2m[36m(pid=23704)[0m     @     0x5555557a01f4 run_mod
[2m[36m(pid=23518)[0m     @     0x5555556dea92 _PyEval_EvalCodeWithName
[2m[36m(pid=23518)[0m     @     0x5555556df754 PyEval_EvalCodeEx
[2m[36m(pid=23518)[0m     @     0x55555576dedc PyEval_EvalCode
[2m[36m(pid=23750)[0m     @     0x5555557a01f4 run_mod
[2m[36m(pid=23750)[0m     @     0x5555556686e1 PyRun_FileExFlags
[2m[36m(pid=23750)[0m     @     0x555555668ac6 PyRun_SimpleFileExFlags
[2m[36m(pid=23704)[0m     @     0x5555556686e1 PyRun_FileExFlags
[2m[36m(pid=23704)[0m     @     0x555555668ac6 PyRun_SimpleFileExFlags
[2m[36m(pid=23704)[0m     @     0x55555566998b Py_RunMain.cold.2916
[2m[36m(pid=23518)[0m     @     0x55555576df84 run_eval_code_obj
[2m[36m(pid=23518)[0m     @     0x5555557a01f4 run_mod
[2m[36m(pid=23518)[0m     @     0x5555556686e1 PyRun_FileExFlags
[2m[36m(pid=23518)[0m     @     0x555555668ac6 PyRun_SimpleFileExFlags
[2m[36m(pid=23750)[0m     @     0x55555566998b Py_RunMain.cold.2916
[2m[36m(pid=23750)[0m     @     0x5555557a2d19 Py_BytesMain
[2m[36m(pid=23750)[0m     @     0x2aaaaaf0d555 __libc_start_main
[2m[36m(pid=23750)[0m     @     0x555555732e93 (unknown)
[2m[36m(pid=23704)[0m     @     0x5555557a2d19 Py_BytesMain
[2m[36m(pid=23704)[0m     @     0x2aaaaaf0d555 __libc_start_main
[2m[36m(pid=23704)[0m     @     0x555555732e93 (unknown)
[2m[36m(pid=23518)[0m     @     0x55555566998b Py_RunMain.cold.2916
[2m[36m(pid=23518)[0m     @     0x5555557a2d19 Py_BytesMain
[2m[36m(pid=23518)[0m     @     0x2aaaaaf0d555 __libc_start_main
[2m[36m(pid=23518)[0m     @     0x555555732e93 (unknown)
