2020-11-09 23:56:09,497	INFO services.py:1164 -- View the Ray dashboard at [1m[32mhttp://127.0.0.1:8266[39m[22m
[2m[36m(pid=20012)[0m Traceback (most recent call last):
[2m[36m(pid=20012)[0m   File "/home/akanji/miniconda3/envs/seldnian-pre/lib/python3.8/site-packages/ray/workers/default_worker.py", line 175, in <module>
[2m[36m(pid=20012)[0m     ray.worker.connect(node, mode=mode)
[2m[36m(pid=20012)[0m   File "/home/akanji/miniconda3/envs/seldnian-pre/lib/python3.8/site-packages/ray/worker.py", line 1237, in connect
[2m[36m(pid=19929)[0m terminate called after throwing an instance of 'std::system_error'
[2m[36m(pid=19929)[0m   what():  Resource temporarily unavailable
[2m[36m(pid=19929)[0m *** Aborted at 1604984190 (unix time) try "date -d @1604984190" if you are using GNU date ***
[2m[36m(pid=19929)[0m PC: @                0x0 (unknown)
[2m[36m(pid=19929)[0m *** SIGABRT (@0x7dea00004dd9) received by PID 19929 (TID 0x2aaaaaaf2ec0) from PID 19929; stack trace: ***
[2m[36m(pid=19929)[0m     @     0x2aaaaacde630 (unknown)
[2m[36m(pid=19929)[0m     @     0x2aaaaaf21387 __GI_raise
[2m[36m(pid=19929)[0m     @     0x2aaaaaf22a78 __GI_abort
[2m[36m(pid=19929)[0m     @     0x2aaab330584a __gnu_cxx::__verbose_terminate_handler()
[2m[36m(pid=19929)[0m     @     0x2aaab3303f47 __cxxabiv1::__terminate()
[2m[36m(pid=19929)[0m     @     0x2aaab3303f7d std::terminate()
[2m[36m(pid=19810)[0m terminate called after throwing an instance of 'std::system_error'
[2m[36m(pid=19810)[0m   what():  Resource temporarily unavailable
[2m[36m(pid=19810)[0m *** Aborted at 1604984190 (unix time) try "date -d @1604984190" if you are using GNU date ***
[2m[36m(pid=19810)[0m PC: @                0x0 (unknown)
[2m[36m(pid=19810)[0m *** SIGABRT (@0x7dea00004d62) received by PID 19810 (TID 0x2aaaaaaf2ec0) from PID 19810; stack trace: ***
[2m[36m(pid=19810)[0m     @     0x2aaaaacde630 (unknown)
[2m[36m(pid=19810)[0m     @     0x2aaaaaf21387 __GI_raise
[2m[36m(pid=19810)[0m     @     0x2aaaaaf22a78 __GI_abort
[2m[36m(pid=19810)[0m     @     0x2aaab330584a __gnu_cxx::__verbose_terminate_handler()
[2m[36m(pid=19810)[0m     @     0x2aaab3303f47 __cxxabiv1::__terminate()
[2m[36m(pid=19810)[0m     @     0x2aaab3303f7d std::terminate()
[2m[36m(pid=19810)[0m     @     0x2aaab33041a4 __cxa_rethrow
[2m[36m(pid=20137)[0m terminate called after throwing an instance of 'std::system_error'
[2m[36m(pid=20137)[0m   what():  Resource temporarily unavailable
[2m[36m(pid=20137)[0m *** Aborted at 1604984190 (unix time) try "date -d @1604984190" if you are using GNU date ***
[2m[36m(pid=20137)[0m PC: @                0x0 (unknown)
[2m[36m(pid=20137)[0m *** SIGABRT (@0x7dea00004ea9) received by PID 20137 (TID 0x2aaaaaaf2ec0) from PID 20137; stack trace: ***
[2m[36m(pid=20137)[0m     @     0x2aaaaacde630 (unknown)
[2m[36m(pid=20137)[0m     @     0x2aaaaaf21387 __GI_raise
[2m[36m(pid=20137)[0m     @     0x2aaaaaf22a78 __GI_abort
[2m[36m(pid=20137)[0m     @     0x2aaab330584a __gnu_cxx::__verbose_terminate_handler()
[2m[36m(pid=20137)[0m     @     0x2aaab3303f47 __cxxabiv1::__terminate()
[2m[36m(pid=20137)[0m     @     0x2aaab3303f7d std::terminate()
[2m[36m(pid=20137)[0m     @     0x2aaab330415a __cxa_throw
[2m[36m(pid=20076)[0m terminate called after throwing an instance of 'std::system_error'
[2m[36m(pid=20076)[0m   what():  Resource temporarily unavailable
[2m[36m(pid=20076)[0m *** Aborted at 1604984190 (unix time) try "date -d @1604984190" if you are using GNU date ***
[2m[36m(pid=20076)[0m PC: @                0x0 (unknown)
[2m[36m(pid=20076)[0m *** SIGABRT (@0x7dea00004e6c) received by PID 20076 (TID 0x2aaaaaaf2ec0) from PID 20076; stack trace: ***
[2m[36m(pid=20076)[0m     @     0x2aaaaacde630 (unknown)
[2m[36m(pid=20076)[0m     @     0x2aaaaaf21387 __GI_raise
[2m[36m(pid=20076)[0m     @     0x2aaaaaf22a78 __GI_abort
[2m[36m(pid=20076)[0m     @     0x2aaab330584a __gnu_cxx::__verbose_terminate_handler()
[2m[36m(pid=20076)[0m     @     0x2aaab3303f47 __cxxabiv1::__terminate()
[2m[36m(pid=20076)[0m     @     0x2aaab3303f7d std::terminate()
[2m[36m(pid=20076)[0m     @     0x2aaab330415a __cxa_throw
[2m[36m(pid=19844)[0m terminate called after throwing an instance of 'std::system_error'
[2m[36m(pid=19844)[0m   what():  Resource temporarily unavailable
[2m[36m(pid=19844)[0m *** Aborted at 1604984190 (unix time) try "date -d @1604984190" if you are using GNU date ***
[2m[36m(pid=19844)[0m PC: @                0x0 (unknown)
[2m[36m(pid=19844)[0m *** SIGABRT (@0x7dea00004d84) received by PID 19844 (TID 0x2aaaaaaf2ec0) from PID 19844; stack trace: ***
[2m[36m(pid=19844)[0m     @     0x2aaaaacde630 (unknown)
[2m[36m(pid=19844)[0m     @     0x2aaaaaf21387 __GI_raise
[2m[36m(pid=19844)[0m     @     0x2aaaaaf22a78 __GI_abort
[2m[36m(pid=19844)[0m     @     0x2aaab330584a __gnu_cxx::__verbose_terminate_handler()
[2m[36m(pid=19844)[0m     @     0x2aaab3303f47 __cxxabiv1::__terminate()
[2m[36m(pid=19844)[0m     @     0x2aaab3303f7d std::terminate()
[2m[36m(pid=19999)[0m terminate called after throwing an instance of 'std::system_error'
[2m[36m(pid=19999)[0m   what():  Resource temporarily unavailable
[2m[36m(pid=19999)[0m *** Aborted at 1604984190 (unix time) try "date -d @1604984190" if you are using GNU date ***
[2m[36m(pid=19999)[0m PC: @                0x0 (unknown)
[2m[36m(pid=19999)[0m *** SIGABRT (@0x7dea00004e1f) received by PID 19999 (TID 0x2aaaaaaf2ec0) from PID 19999; stack trace: ***
[2m[36m(pid=19999)[0m     @     0x2aaaaacde630 (unknown)
[2m[36m(pid=19999)[0m     @     0x2aaaaaf21387 __GI_raise
[2m[36m(pid=19999)[0m     @     0x2aaaaaf22a78 __GI_abort
[2m[36m(pid=19999)[0m     @     0x2aaab330584a __gnu_cxx::__verbose_terminate_handler()
[2m[36m(pid=19999)[0m     @     0x2aaab3303f47 __cxxabiv1::__terminate()
[2m[36m(pid=19999)[0m     @     0x2aaab3303f7d std::terminate()
[2m[36m(pid=20187)[0m terminate called after throwing an instance of 'std::system_error'
[2m[36m(pid=20187)[0m   what():  Resource temporarily unavailable
[2m[36m(pid=20187)[0m *** Aborted at 1604984190 (unix time) try "date -d @1604984190" if you are using GNU date ***
[2m[36m(pid=20187)[0m PC: @                0x0 (unknown)
[2m[36m(pid=20187)[0m *** SIGABRT (@0x7dea00004edb) received by PID 20187 (TID 0x2aaaaaaf2ec0) from PID 20187; stack trace: ***
[2m[36m(pid=20187)[0m     @     0x2aaaaacde630 (unknown)
[2m[36m(pid=20187)[0m     @     0x2aaaaaf21387 __GI_raise
[2m[36m(pid=20187)[0m     @     0x2aaaaaf22a78 __GI_abort
[2m[36m(pid=20187)[0m     @     0x2aaab330584a __gnu_cxx::__verbose_terminate_handler()
[2m[36m(pid=20187)[0m     @     0x2aaab3303f47 __cxxabiv1::__terminate()
[2m[36m(pid=20168)[0m terminate called after throwing an instance of 'std::system_error'
[2m[36m(pid=20168)[0m   what():  Resource temporarily unavailable
[2m[36m(pid=20168)[0m *** Aborted at 1604984190 (unix time) try "date -d @1604984190" if you are using GNU date ***
[2m[36m(pid=20168)[0m PC: @                0x0 (unknown)
[2m[36m(pid=20168)[0m *** SIGABRT (@0x7dea00004ec8) received by PID 20168 (TID 0x2aaaaaaf2ec0) from PID 20168; stack trace: ***
[2m[36m(pid=20168)[0m     @     0x2aaaaacde630 (unknown)
[2m[36m(pid=20168)[0m     @     0x2aaaaaf21387 __GI_raise
[2m[36m(pid=20168)[0m     @     0x2aaaaaf22a78 __GI_abort
[2m[36m(pid=20168)[0m     @     0x2aaab330584a __gnu_cxx::__verbose_terminate_handler()
[2m[36m(pid=20168)[0m     @     0x2aaab3303f47 __cxxabiv1::__terminate()
[2m[36m(pid=20168)[0m     @     0x2aaab3303f7d std::terminate()
[2m[36m(pid=20168)[0m     @     0x2aaab330415a __cxa_throw
[2m[36m(pid=20193)[0m terminate called after throwing an instance of 'std::system_error'
[2m[36m(pid=20193)[0m   what():  Resource temporarily unavailable
[2m[36m(pid=20193)[0m *** Aborted at 1604984190 (unix time) try "date -d @1604984190" if you are using GNU date ***
[2m[36m(pid=20193)[0m PC: @                0x0 (unknown)
[2m[36m(pid=20193)[0m *** SIGABRT (@0x7dea00004ee1) received by PID 20193 (TID 0x2aaaaaaf2ec0) from PID 20193; stack trace: ***
[2m[36m(pid=20193)[0m     @     0x2aaaaacde630 (unknown)
[2m[36m(pid=20193)[0m     @     0x2aaaaaf21387 __GI_raise
[2m[36m(pid=20193)[0m     @     0x2aaaaaf22a78 __GI_abort
[2m[36m(pid=20193)[0m     @     0x2aaab330584a __gnu_cxx::__verbose_terminate_handler()
[2m[36m(pid=20193)[0m     @     0x2aaab3303f47 __cxxabiv1::__terminate()
[2m[36m(pid=20193)[0m     @     0x2aaab3303f7d std::terminate()
[2m[36m(pid=20134)[0m terminate called after throwing an instance of 'std::system_error'
[2m[36m(pid=20134)[0m   what():  Resource temporarily unavailable
[2m[36m(pid=20134)[0m *** Aborted at 1604984190 (unix time) try "date -d @1604984190" if you are using GNU date ***
[2m[36m(pid=20134)[0m PC: @                0x0 (unknown)
[2m[36m(pid=20134)[0m *** SIGABRT (@0x7dea00004ea6) received by PID 20134 (TID 0x2aaaaaaf2ec0) from PID 20134; stack trace: ***
[2m[36m(pid=20134)[0m     @     0x2aaaaacde630 (unknown)
[2m[36m(pid=20134)[0m     @     0x2aaaaaf21387 __GI_raise
[2m[36m(pid=20134)[0m     @     0x2aaaaaf22a78 __GI_abort
[2m[36m(pid=20134)[0m     @     0x2aaab330584a __gnu_cxx::__verbose_terminate_handler()
[2m[36m(pid=20134)[0m     @     0x2aaab3303f47 __cxxabiv1::__terminate()
[2m[36m(pid=20134)[0m     @     0x2aaab3303f7d std::terminate()
[2m[36m(pid=20134)[0m     @     0x2aaab33041a4 __cxa_rethrow
[2m[36m(pid=19828)[0m terminate called after throwing an instance of 'std::system_error'
[2m[36m(pid=19828)[0m   what():  Resource temporarily unavailable
[2m[36m(pid=19828)[0m *** Aborted at 1604984190 (unix time) try "date -d @1604984190" if you are using GNU date ***
[2m[36m(pid=19828)[0m PC: @                0x0 (unknown)
[2m[36m(pid=19828)[0m *** SIGABRT (@0x7dea00004d74) received by PID 19828 (TID 0x2aaaaaaf2ec0) from PID 19828; stack trace: ***
[2m[36m(pid=19828)[0m     @     0x2aaaaacde630 (unknown)
[2m[36m(pid=19828)[0m     @     0x2aaaaaf21387 __GI_raise
[2m[36m(pid=19828)[0m     @     0x2aaaaaf22a78 __GI_abort
[2m[36m(pid=19828)[0m     @     0x2aaab330584a __gnu_cxx::__verbose_terminate_handler()
[2m[36m(pid=19828)[0m     @     0x2aaab3303f47 __cxxabiv1::__terminate()
[2m[36m(pid=19828)[0m     @     0x2aaab3303f7d std::terminate()
[2m[36m(pid=19955)[0m terminate called after throwing an instance of 'std::system_error'
[2m[36m(pid=19955)[0m   what():  Resource temporarily unavailable
[2m[36m(pid=19955)[0m *** Aborted at 1604984190 (unix time) try "date -d @1604984190" if you are using GNU date ***
[2m[36m(pid=19955)[0m PC: @                0x0 (unknown)
[2m[36m(pid=19955)[0m *** SIGABRT (@0x7dea00004df3) received by PID 19955 (TID 0x2aaaaaaf2ec0) from PID 19955; stack trace: ***
[2m[36m(pid=19955)[0m     @     0x2aaaaacde630 (unknown)
[2m[36m(pid=19955)[0m     @     0x2aaaaaf21387 __GI_raise
[2m[36m(pid=19955)[0m     @     0x2aaaaaf22a78 __GI_abort
[2m[36m(pid=19955)[0m     @     0x2aaab330584a __gnu_cxx::__verbose_terminate_handler()
[2m[36m(pid=19955)[0m     @     0x2aaab3303f47 __cxxabiv1::__terminate()
[2m[36m(pid=19955)[0m     @     0x2aaab3303f7d std::terminate()
[2m[36m(pid=20092)[0m terminate called after throwing an instance of 'std::system_error'
[2m[36m(pid=20092)[0m   what():  Resource temporarily unavailable
[2m[36m(pid=20092)[0m *** Aborted at 1604984190 (unix time) try "date -d @1604984190" if you are using GNU date ***
[2m[36m(pid=20092)[0m PC: @                0x0 (unknown)
[2m[36m(pid=20092)[0m *** SIGABRT (@0x7dea00004e7c) received by PID 20092 (TID 0x2aaaaaaf2ec0) from PID 20092; stack trace: ***
[2m[36m(pid=20092)[0m     @     0x2aaaaacde630 (unknown)
[2m[36m(pid=20092)[0m     @     0x2aaaaaf21387 __GI_raise
[2m[36m(pid=20092)[0m     @     0x2aaaaaf22a78 __GI_abort
[2m[36m(pid=20092)[0m     @     0x2aaab330584a __gnu_cxx::__verbose_terminate_handler()
[2m[36m(pid=20092)[0m     @     0x2aaab3303f47 __cxxabiv1::__terminate()
[2m[36m(pid=20026)[0m terminate called after throwing an instance of 'std::system_error'
[2m[36m(pid=20026)[0m   what():  Resource temporarily unavailable
[2m[36m(pid=20026)[0m *** Aborted at 1604984190 (unix time) try "date -d @1604984190" if you are using GNU date ***
[2m[36m(pid=20026)[0m PC: @                0x0 (unknown)
[2m[36m(pid=20026)[0m *** SIGABRT (@0x7dea00004e3a) received by PID 20026 (TID 0x2aaaaaaf2ec0) from PID 20026; stack trace: ***
[2m[36m(pid=20026)[0m     @     0x2aaaaacde630 (unknown)
[2m[36m(pid=20026)[0m     @     0x2aaaaaf21387 __GI_raise
[2m[36m(pid=20026)[0m     @     0x2aaaaaf22a78 __GI_abort
[2m[36m(pid=20026)[0m     @     0x2aaab330584a __gnu_cxx::__verbose_terminate_handler()
[2m[36m(pid=20026)[0m     @     0x2aaab3303f47 __cxxabiv1::__terminate()
[2m[36m(pid=20092)[0m     @     0x2aaab3303f7d std::terminate()
[2m[36m(pid=20026)[0m     @     0x2aaab3303f7d std::terminate()
[2m[36m(pid=20137)[0m     @     0x2aaab33012f3 std::__throw_system_error()
[2m[36m(pid=20076)[0m     @     0x2aaab33012f3 std::__throw_system_error()
[2m[36m(pid=19844)[0m     @     0x2aaab330415a __cxa_throw
[2m[36m(pid=19999)[0m     @     0x2aaab33041a4 __cxa_rethrow
[2m[36m(pid=20187)[0m     @     0x2aaab3303f7d std::terminate()
[2m[36m(pid=20193)[0m     @     0x2aaab33041a4 __cxa_rethrow
[2m[36m(pid=20134)[0m     @     0x2aaab2851f51 ray::CoreWorkerProcess::CreateWorker()
[2m[36m(pid=19828)[0m     @     0x2aaab33041a4 __cxa_rethrow
[2m[36m(pid=19929)[0m     @     0x2aaab33041a4 __cxa_rethrow
[2m[36m(pid=19810)[0m     @     0x2aaab2851f51 ray::CoreWorkerProcess::CreateWorker()
[2m[36m(pid=19929)[0m     @     0x2aaab2b84532 ray::IOServicePool::Run()
[2m[36m(pid=19929)[0m     @     0x2aaab2852acd ray::CoreWorkerProcess::CoreWorkerProcess()
[2m[36m(pid=19929)[0m     @     0x2aaab285384b ray::CoreWorkerProcess::Initialize()
[2m[36m(pid=19929)[0m     @     0x2aaab2791448 __pyx_pw_3ray_7_raylet_10CoreWorker_1__cinit__()
[2m[36m(pid=19810)[0m     @     0x2aaab2852e82 ray::CoreWorkerProcess::CoreWorkerProcess()
[2m[36m(pid=19810)[0m     @     0x2aaab285384b ray::CoreWorkerProcess::Initialize()
[2m[36m(pid=19810)[0m     @     0x2aaab2791448 __pyx_pw_3ray_7_raylet_10CoreWorker_1__cinit__()
[2m[36m(pid=19810)[0m     @     0x2aaab2792ba5 __pyx_tp_new_3ray_7_raylet_CoreWorker()
[2m[36m(pid=20137)[0m     @     0x2aaab33204d7 std::thread::_M_start_thread()
[2m[36m(pid=20137)[0m     @     0x2aaab332055e std::thread::_M_start_thread()
[2m[36m(pid=20137)[0m     @     0x2aaab27dbc4b ray::gcs::GlobalStateAccessor::GlobalStateAccessor()
[2m[36m(pid=20137)[0m     @     0x2aaab27726d6 __pyx_pw_3ray_7_raylet_19GlobalStateAccessor_1__init__()
[2m[36m(pid=20076)[0m     @     0x2aaab33204d7 std::thread::_M_start_thread()
[2m[36m(pid=20076)[0m     @     0x2aaab332055e std::thread::_M_start_thread()
[2m[36m(pid=20076)[0m     @     0x2aaab2e01b20 opencensus::stats::StatsExporterImpl::StartExportThread()
[2m[36m(pid=20076)[0m     @     0x2aaab2e01fba opencensus::stats::StatsExporterImpl::RegisterPushHandler()
[2m[36m(pid=19844)[0m     @     0x2aaab33012f3 std::__throw_system_error()
[2m[36m(pid=19844)[0m     @     0x2aaab33204d7 std::thread::_M_start_thread()
[2m[36m(pid=19844)[0m     @     0x2aaab332055e std::thread::_M_start_thread()
[2m[36m(pid=19844)[0m     @     0x2aaab2e01b20 opencensus::stats::StatsExporterImpl::StartExportThread()
[2m[36m(pid=19999)[0m     @     0x2aaab2851f51 ray::CoreWorkerProcess::CreateWorker()
[2m[36m(pid=19999)[0m     @     0x2aaab2852e82 ray::CoreWorkerProcess::CoreWorkerProcess()
[2m[36m(pid=19999)[0m     @     0x2aaab285384b ray::CoreWorkerProcess::Initialize()
[2m[36m(pid=19999)[0m     @     0x2aaab2791448 __pyx_pw_3ray_7_raylet_10CoreWorker_1__cinit__()
[2m[36m(pid=20187)[0m     @     0x2aaab33041a4 __cxa_rethrow
[2m[36m(pid=20187)[0m     @     0x2aaab2851f51 ray::CoreWorkerProcess::CreateWorker()
[2m[36m(pid=20187)[0m     @     0x2aaab2852e82 ray::CoreWorkerProcess::CoreWorkerProcess()
[2m[36m(pid=20187)[0m     @     0x2aaab285384b ray::CoreWorkerProcess::Initialize()
[2m[36m(pid=20168)[0m     @     0x2aaab33012f3 std::__throw_system_error()
[2m[36m(pid=20168)[0m     @     0x2aaab33204d7 std::thread::_M_start_thread()
[2m[36m(pid=20168)[0m     @     0x2aaab332055e std::thread::_M_start_thread()
[2m[36m(pid=20168)[0m     @     0x2aaab2dfc63e opencensus::stats::DeltaProducer::DeltaProducer()
[2m[36m(pid=20193)[0m     @     0x2aaab2851f51 ray::CoreWorkerProcess::CreateWorker()
[2m[36m(pid=20193)[0m     @     0x2aaab2852e82 ray::CoreWorkerProcess::CoreWorkerProcess()
[2m[36m(pid=20193)[0m     @     0x2aaab285384b ray::CoreWorkerProcess::Initialize()
[2m[36m(pid=20193)[0m     @     0x2aaab2791448 __pyx_pw_3ray_7_raylet_10CoreWorker_1__cinit__()
[2m[36m(pid=20134)[0m     @     0x2aaab2852e82 ray::CoreWorkerProcess::CoreWorkerProcess()
[2m[36m(pid=20134)[0m     @     0x2aaab285384b ray::CoreWorkerProcess::Initialize()
[2m[36m(pid=20134)[0m     @     0x2aaab2791448 __pyx_pw_3ray_7_raylet_10CoreWorker_1__cinit__()
[2m[36m(pid=20134)[0m     @     0x2aaab2792ba5 __pyx_tp_new_3ray_7_raylet_CoreWorker()
[2m[36m(pid=19828)[0m     @     0x2aaab2851f51 ray::CoreWorkerProcess::CreateWorker()
[2m[36m(pid=19828)[0m     @     0x2aaab2852e82 ray::CoreWorkerProcess::CoreWorkerProcess()
[2m[36m(pid=19828)[0m     @     0x2aaab285384b ray::CoreWorkerProcess::Initialize()
[2m[36m(pid=19955)[0m     @     0x2aaab330415a __cxa_throw
[2m[36m(pid=19955)[0m     @     0x2aaab33012f3 std::__throw_system_error()
[2m[36m(pid=19955)[0m     @     0x2aaab33204d7 std::thread::_M_start_thread()
[2m[36m(pid=19955)[0m     @     0x2aaab332055e std::thread::_M_start_thread()
[2m[36m(pid=20092)[0m     @     0x2aaab33041a4 __cxa_rethrow
[2m[36m(pid=20092)[0m     @     0x2aaab280386a std::vector<>::_M_emplace_back_aux<>()
[2m[36m(pid=20092)[0m     @     0x2aaab2b6357e ray::stats::OpenCensusProtoExporter::OpenCensusProtoExporter()
[2m[36m(pid=20092)[0m     @     0x2aaab2852da5 ray::CoreWorkerProcess::CoreWorkerProcess()
[2m[36m(pid=20026)[0m     @     0x2aaab33041a4 __cxa_rethrow
[2m[36m(pid=20026)[0m     @     0x2aaab2851f51 ray::CoreWorkerProcess::CreateWorker()
[2m[36m(pid=20026)[0m     @     0x2aaab2852e82 ray::CoreWorkerProcess::CoreWorkerProcess()
[2m[36m(pid=20026)[0m     @     0x2aaab285384b ray::CoreWorkerProcess::Initialize()
[2m[36m(pid=20168)[0m     @     0x2aaab2dfc7e5 opencensus::stats::DeltaProducer::Get()
[2m[36m(pid=19828)[0m     @     0x2aaab2791448 __pyx_pw_3ray_7_raylet_10CoreWorker_1__cinit__()
[2m[36m(pid=19955)[0m     @     0x2aaab27dbc4b ray::gcs::GlobalStateAccessor::GlobalStateAccessor()
[2m[36m(pid=20092)[0m     @     0x2aaab285384b ray::CoreWorkerProcess::Initialize()
[2m[36m(pid=20026)[0m     @     0x2aaab2791448 __pyx_pw_3ray_7_raylet_10CoreWorker_1__cinit__()
[2m[36m(pid=20012)[0m     worker.import_thread.start()
[2m[36m(pid=20012)[0m   File "/home/akanji/miniconda3/envs/seldnian-pre/lib/python3.8/site-packages/ray/import_thread.py", line 47, in start
[2m[36m(pid=20137)[0m     @     0x5555556917d4 _PyObject_MakeTpCall
[2m[36m(pid=20076)[0m     @     0x2aaab2e02028 opencensus::stats::StatsExporter::RegisterPushHandler()
[2m[36m(pid=19844)[0m     @     0x2aaab2e01fba opencensus::stats::StatsExporterImpl::RegisterPushHandler()
[2m[36m(pid=19999)[0m     @     0x2aaab2792ba5 __pyx_tp_new_3ray_7_raylet_CoreWorker()
[2m[36m(pid=20187)[0m     @     0x2aaab2791448 __pyx_pw_3ray_7_raylet_10CoreWorker_1__cinit__()
[2m[36m(pid=20193)[0m     @     0x2aaab2792ba5 __pyx_tp_new_3ray_7_raylet_CoreWorker()
[2m[36m(pid=19929)[0m     @     0x2aaab2792ba5 __pyx_tp_new_3ray_7_raylet_CoreWorker()
[2m[36m(pid=19810)[0m     @     0x5555556916cd _PyObject_MakeTpCall
[2m[36m(pid=20134)[0m     @     0x5555556916cd _PyObject_MakeTpCall
[2m[36m(pid=19828)[0m     @     0x2aaab2792ba5 __pyx_tp_new_3ray_7_raylet_CoreWorker()
[2m[36m(pid=19955)[0m     @     0x2aaab27726d6 __pyx_pw_3ray_7_raylet_19GlobalStateAccessor_1__init__()
[2m[36m(pid=20092)[0m     @     0x2aaab2791448 __pyx_pw_3ray_7_raylet_10CoreWorker_1__cinit__()
[2m[36m(pid=20026)[0m     @     0x2aaab2792ba5 __pyx_tp_new_3ray_7_raylet_CoreWorker()
[2m[36m(pid=20012)[0m     self.t.start()
[2m[36m(pid=20012)[0m   File "/home/akanji/miniconda3/envs/seldnian-pre/lib/python3.8/threading.py", line 852, in start
[2m[36m(pid=20168)[0m     @     0x2aaab2852e28 ray::CoreWorkerProcess::CoreWorkerProcess()
[2m[36m(pid=20187)[0m     @     0x2aaab2792ba5 __pyx_tp_new_3ray_7_raylet_CoreWorker()
[2m[36m(pid=20012)[0m     _start_new_thread(self._bootstrap, ())
[2m[36m(pid=20012)[0m RuntimeError: can't start new thread
[2m[36m(pid=20012)[0m Error in atexit._run_exitfuncs:
[2m[36m(pid=20012)[0m Traceback (most recent call last):
[2m[36m(pid=20012)[0m   File "/home/akanji/miniconda3/envs/seldnian-pre/lib/python3.8/site-packages/ray/worker.py", line 786, in shutdown
[2m[36m(pid=20012)[0m     disconnect(_exiting_interpreter)
[2m[36m(pid=20012)[0m   File "/home/akanji/miniconda3/envs/seldnian-pre/lib/python3.8/site-packages/ray/worker.py", line 1306, in disconnect
[2m[36m(pid=20012)[0m     worker.import_thread.join_import_thread()
[2m[36m(pid=20012)[0m   File "/home/akanji/miniconda3/envs/seldnian-pre/lib/python3.8/site-packages/ray/import_thread.py", line 51, in join_import_thread
[2m[36m(pid=20012)[0m     self.t.join()
[2m[36m(pid=20012)[0m   File "/home/akanji/miniconda3/envs/seldnian-pre/lib/python3.8/threading.py", line 1006, in join
[2m[36m(pid=20012)[0m     raise RuntimeError("cannot join thread before it is started")
[2m[36m(pid=20012)[0m RuntimeError: cannot join thread before it is started
[2m[36m(pid=19929)[0m     @     0x5555556916cd _PyObject_MakeTpCall
[2m[36m(pid=19929)[0m     @     0x555555718f56 _PyEval_EvalFrameDefault
[2m[36m(pid=19929)[0m     @     0x5555556def9f _PyEval_EvalCodeWithName
[2m[36m(pid=19929)[0m     @     0x5555556df943 _PyFunction_Vectorcall.localalias.355
[2m[36m(pid=19929)[0m     @     0x55555565411a _PyEval_EvalFrameDefault.cold.2790
[2m[36m(pid=19810)[0m     @     0x555555718f56 _PyEval_EvalFrameDefault
[2m[36m(pid=19810)[0m     @     0x5555556def9f _PyEval_EvalCodeWithName
[2m[36m(pid=19810)[0m     @     0x5555556df943 _PyFunction_Vectorcall.localalias.355
[2m[36m(pid=19810)[0m     @     0x55555565411a _PyEval_EvalFrameDefault.cold.2790
[2m[36m(pid=20137)[0m     @     0x555555714e35 _PyEval_EvalFrameDefault
[2m[36m(pid=20137)[0m     @     0x5555556dea92 _PyEval_EvalCodeWithName
[2m[36m(pid=20137)[0m     @     0x5555556dfd20 method_vectorcall
[2m[36m(pid=20137)[0m     @     0x55555565411a _PyEval_EvalFrameDefault.cold.2790
[2m[36m(pid=20137)[0m     @     0x5555556def9f _PyEval_EvalCodeWithName
[2m[36m(pid=20076)[0m     @     0x2aaab2852d28 ray::CoreWorkerProcess::CoreWorkerProcess()
[2m[36m(pid=20076)[0m     @     0x2aaab285384b ray::CoreWorkerProcess::Initialize()
[2m[36m(pid=20076)[0m     @     0x2aaab2791448 __pyx_pw_3ray_7_raylet_10CoreWorker_1__cinit__()
[2m[36m(pid=20076)[0m     @     0x2aaab2792ba5 __pyx_tp_new_3ray_7_raylet_CoreWorker()
[2m[36m(pid=20076)[0m     @     0x5555556916cd _PyObject_MakeTpCall
[2m[36m(pid=19844)[0m     @     0x2aaab2e02028 opencensus::stats::StatsExporter::RegisterPushHandler()
[2m[36m(pid=19844)[0m     @     0x2aaab2852d28 ray::CoreWorkerProcess::CoreWorkerProcess()
[2m[36m(pid=19844)[0m     @     0x2aaab285384b ray::CoreWorkerProcess::Initialize()
[2m[36m(pid=19844)[0m     @     0x2aaab2791448 __pyx_pw_3ray_7_raylet_10CoreWorker_1__cinit__()
[2m[36m(pid=19844)[0m     @     0x2aaab2792ba5 __pyx_tp_new_3ray_7_raylet_CoreWorker()
[2m[36m(pid=19999)[0m     @     0x5555556916cd _PyObject_MakeTpCall
[2m[36m(pid=19999)[0m     @     0x555555718f56 _PyEval_EvalFrameDefault
[2m[36m(pid=19999)[0m     @     0x5555556def9f _PyEval_EvalCodeWithName
[2m[36m(pid=19999)[0m     @     0x5555556df943 _PyFunction_Vectorcall.localalias.355
[2m[36m(pid=20187)[0m     @     0x5555556916cd _PyObject_MakeTpCall
[2m[36m(pid=20187)[0m     @     0x555555718f56 _PyEval_EvalFrameDefault
[2m[36m(pid=20187)[0m     @     0x5555556def9f _PyEval_EvalCodeWithName
[2m[36m(pid=20187)[0m     @     0x5555556df943 _PyFunction_Vectorcall.localalias.355
[2m[36m(pid=20168)[0m     @     0x2aaab285384b ray::CoreWorkerProcess::Initialize()
[2m[36m(pid=20168)[0m     @     0x2aaab2791448 __pyx_pw_3ray_7_raylet_10CoreWorker_1__cinit__()
[2m[36m(pid=20168)[0m     @     0x2aaab2792ba5 __pyx_tp_new_3ray_7_raylet_CoreWorker()
[2m[36m(pid=20168)[0m     @     0x5555556916cd _PyObject_MakeTpCall
[2m[36m(pid=20193)[0m     @     0x5555556916cd _PyObject_MakeTpCall
[2m[36m(pid=20193)[0m     @     0x555555718f56 _PyEval_EvalFrameDefault
[2m[36m(pid=20193)[0m     @     0x5555556def9f _PyEval_EvalCodeWithName
[2m[36m(pid=20193)[0m     @     0x5555556df943 _PyFunction_Vectorcall.localalias.355
[2m[36m(pid=20193)[0m     @     0x55555565411a _PyEval_EvalFrameDefault.cold.2790
[2m[36m(pid=20134)[0m     @     0x555555718f56 _PyEval_EvalFrameDefault
[2m[36m(pid=20134)[0m     @     0x5555556def9f _PyEval_EvalCodeWithName
[2m[36m(pid=20134)[0m     @     0x5555556df943 _PyFunction_Vectorcall.localalias.355
[2m[36m(pid=20134)[0m     @     0x55555565411a _PyEval_EvalFrameDefault.cold.2790
[2m[36m(pid=19828)[0m     @     0x5555556916cd _PyObject_MakeTpCall
[2m[36m(pid=19828)[0m     @     0x555555718f56 _PyEval_EvalFrameDefault
[2m[36m(pid=19828)[0m     @     0x5555556def9f _PyEval_EvalCodeWithName
[2m[36m(pid=19828)[0m     @     0x5555556df943 _PyFunction_Vectorcall.localalias.355
[2m[36m(pid=19955)[0m     @     0x5555556917d4 _PyObject_MakeTpCall
[2m[36m(pid=19955)[0m     @     0x555555714e35 _PyEval_EvalFrameDefault
[2m[36m(pid=19955)[0m     @     0x5555556dea92 _PyEval_EvalCodeWithName
[2m[36m(pid=19955)[0m     @     0x5555556dfd20 method_vectorcall
[2m[36m(pid=20092)[0m     @     0x2aaab2792ba5 __pyx_tp_new_3ray_7_raylet_CoreWorker()
[2m[36m(pid=20092)[0m     @     0x5555556916cd _PyObject_MakeTpCall
[2m[36m(pid=20092)[0m     @     0x555555718f56 _PyEval_EvalFrameDefault
[2m[36m(pid=20092)[0m     @     0x5555556def9f _PyEval_EvalCodeWithName
[2m[36m(pid=20026)[0m     @     0x5555556916cd _PyObject_MakeTpCall
[2m[36m(pid=20026)[0m     @     0x555555718f56 _PyEval_EvalFrameDefault
[2m[36m(pid=20026)[0m     @     0x5555556def9f _PyEval_EvalCodeWithName
[2m[36m(pid=20026)[0m     @     0x5555556df943 _PyFunction_Vectorcall.localalias.355
[2m[36m(pid=19929)[0m     @     0x5555556dea92 _PyEval_EvalCodeWithName
[2m[36m(pid=19929)[0m     @     0x5555556df754 PyEval_EvalCodeEx
[2m[36m(pid=19929)[0m     @     0x55555576dedc PyEval_EvalCode
[2m[36m(pid=19810)[0m     @     0x5555556dea92 _PyEval_EvalCodeWithName
[2m[36m(pid=19810)[0m     @     0x5555556df754 PyEval_EvalCodeEx
[2m[36m(pid=19810)[0m     @     0x55555576dedc PyEval_EvalCode
[2m[36m(pid=19810)[0m     @     0x55555576df84 run_eval_code_obj
[2m[36m(pid=20137)[0m     @     0x5555556df943 _PyFunction_Vectorcall.localalias.355
[2m[36m(pid=20137)[0m     @     0x55555565411a _PyEval_EvalFrameDefault.cold.2790
[2m[36m(pid=20137)[0m     @     0x5555556dea92 _PyEval_EvalCodeWithName
[2m[36m(pid=20076)[0m     @     0x555555718f56 _PyEval_EvalFrameDefault
[2m[36m(pid=20076)[0m     @     0x5555556def9f _PyEval_EvalCodeWithName
[2m[36m(pid=20076)[0m     @     0x5555556df943 _PyFunction_Vectorcall.localalias.355
[2m[36m(pid=19844)[0m     @     0x5555556916cd _PyObject_MakeTpCall
[2m[36m(pid=19844)[0m     @     0x555555718f56 _PyEval_EvalFrameDefault
[2m[36m(pid=19844)[0m     @     0x5555556def9f _PyEval_EvalCodeWithName
[2m[36m(pid=19999)[0m     @     0x55555565411a _PyEval_EvalFrameDefault.cold.2790
[2m[36m(pid=19999)[0m     @     0x5555556dea92 _PyEval_EvalCodeWithName
[2m[36m(pid=19999)[0m     @     0x5555556df754 PyEval_EvalCodeEx
[2m[36m(pid=19999)[0m     @     0x55555576dedc PyEval_EvalCode
[2m[36m(pid=20187)[0m     @     0x55555565411a _PyEval_EvalFrameDefault.cold.2790
[2m[36m(pid=20187)[0m     @     0x5555556dea92 _PyEval_EvalCodeWithName
[2m[36m(pid=20187)[0m     @     0x5555556df754 PyEval_EvalCodeEx
[2m[36m(pid=20168)[0m     @     0x555555718f56 _PyEval_EvalFrameDefault
[2m[36m(pid=20168)[0m     @     0x5555556def9f _PyEval_EvalCodeWithName
[2m[36m(pid=20168)[0m     @     0x5555556df943 _PyFunction_Vectorcall.localalias.355
[2m[36m(pid=20193)[0m     @     0x5555556dea92 _PyEval_EvalCodeWithName
[2m[36m(pid=20193)[0m     @     0x5555556df754 PyEval_EvalCodeEx
[2m[36m(pid=20193)[0m     @     0x55555576dedc PyEval_EvalCode
[2m[36m(pid=20134)[0m     @     0x5555556dea92 _PyEval_EvalCodeWithName
[2m[36m(pid=20134)[0m     @     0x5555556df754 PyEval_EvalCodeEx
[2m[36m(pid=20134)[0m     @     0x55555576dedc PyEval_EvalCode
[2m[36m(pid=20134)[0m     @     0x55555576df84 run_eval_code_obj
[2m[36m(pid=19828)[0m     @     0x55555565411a _PyEval_EvalFrameDefault.cold.2790
[2m[36m(pid=19828)[0m     @     0x5555556dea92 _PyEval_EvalCodeWithName
[2m[36m(pid=19828)[0m     @     0x5555556df754 PyEval_EvalCodeEx
[2m[36m(pid=19828)[0m     @     0x55555576dedc PyEval_EvalCode
[2m[36m(pid=19955)[0m     @     0x55555565411a _PyEval_EvalFrameDefault.cold.2790
[2m[36m(pid=19955)[0m     @     0x5555556def9f _PyEval_EvalCodeWithName
[2m[36m(pid=19955)[0m     @     0x5555556df943 _PyFunction_Vectorcall.localalias.355
[2m[36m(pid=19955)[0m     @     0x55555565411a _PyEval_EvalFrameDefault.cold.2790
[2m[36m(pid=20092)[0m     @     0x5555556df943 _PyFunction_Vectorcall.localalias.355
[2m[36m(pid=20092)[0m     @     0x55555565411a _PyEval_EvalFrameDefault.cold.2790
[2m[36m(pid=20092)[0m     @     0x5555556dea92 _PyEval_EvalCodeWithName
[2m[36m(pid=20092)[0m     @     0x5555556df754 PyEval_EvalCodeEx
[2m[36m(pid=20026)[0m     @     0x55555565411a _PyEval_EvalFrameDefault.cold.2790
[2m[36m(pid=20026)[0m     @     0x5555556dea92 _PyEval_EvalCodeWithName
[2m[36m(pid=20026)[0m     @     0x5555556df754 PyEval_EvalCodeEx
[2m[36m(pid=20026)[0m     @     0x55555576dedc PyEval_EvalCode
[2m[36m(pid=20076)[0m     @     0x55555565411a _PyEval_EvalFrameDefault.cold.2790
[2m[36m(pid=19844)[0m     @     0x5555556df943 _PyFunction_Vectorcall.localalias.355
[2m[36m(pid=20187)[0m     @     0x55555576dedc PyEval_EvalCode
[2m[36m(pid=20168)[0m     @     0x55555565411a _PyEval_EvalFrameDefault.cold.2790
[2m[36m(pid=20137)[0m     @     0x5555556df754 PyEval_EvalCodeEx
[2m[36m(pid=20134)[0m     @     0x5555557a01f4 run_mod
[2m[36m(pid=19955)[0m     @     0x5555556dea92 _PyEval_EvalCodeWithName
[2m[36m(pid=19929)[0m     @     0x55555576df84 run_eval_code_obj
[2m[36m(pid=19929)[0m     @     0x5555557a01f4 run_mod
[2m[36m(pid=19810)[0m     @     0x5555557a01f4 run_mod
[2m[36m(pid=19810)[0m     @     0x5555556686e1 PyRun_FileExFlags
[2m[36m(pid=20137)[0m     @     0x55555576dedc PyEval_EvalCode
[2m[36m(pid=20137)[0m     @     0x55555576df84 run_eval_code_obj
[2m[36m(pid=20076)[0m     @     0x5555556dea92 _PyEval_EvalCodeWithName
[2m[36m(pid=20076)[0m     @     0x5555556df754 PyEval_EvalCodeEx
[2m[36m(pid=19844)[0m     @     0x55555565411a _PyEval_EvalFrameDefault.cold.2790
[2m[36m(pid=19844)[0m     @     0x5555556dea92 _PyEval_EvalCodeWithName
[2m[36m(pid=19999)[0m     @     0x55555576df84 run_eval_code_obj
[2m[36m(pid=19999)[0m     @     0x5555557a01f4 run_mod
[2m[36m(pid=19999)[0m     @     0x5555556686e1 PyRun_FileExFlags
[2m[36m(pid=20187)[0m     @     0x55555576df84 run_eval_code_obj
[2m[36m(pid=20187)[0m     @     0x5555557a01f4 run_mod
[2m[36m(pid=20168)[0m     @     0x5555556dea92 _PyEval_EvalCodeWithName
[2m[36m(pid=20168)[0m     @     0x5555556df754 PyEval_EvalCodeEx
[2m[36m(pid=20193)[0m     @     0x55555576df84 run_eval_code_obj
[2m[36m(pid=20193)[0m     @     0x5555557a01f4 run_mod
[2m[36m(pid=20193)[0m     @     0x5555556686e1 PyRun_FileExFlags
[2m[36m(pid=20134)[0m     @     0x5555556686e1 PyRun_FileExFlags
[2m[36m(pid=20134)[0m     @     0x555555668ac6 PyRun_SimpleFileExFlags
[2m[36m(pid=19828)[0m     @     0x55555576df84 run_eval_code_obj
[2m[36m(pid=19828)[0m     @     0x5555557a01f4 run_mod
[2m[36m(pid=19955)[0m     @     0x5555556df754 PyEval_EvalCodeEx
[2m[36m(pid=19955)[0m     @     0x55555576dedc PyEval_EvalCode
[2m[36m(pid=20092)[0m     @     0x55555576dedc PyEval_EvalCode
[2m[36m(pid=20092)[0m     @     0x55555576df84 run_eval_code_obj
[2m[36m(pid=20026)[0m     @     0x55555576df84 run_eval_code_obj
[2m[36m(pid=20026)[0m     @     0x5555557a01f4 run_mod
[2m[36m(pid=19929)[0m     @     0x5555556686e1 PyRun_FileExFlags
[2m[36m(pid=19929)[0m     @     0x555555668ac6 PyRun_SimpleFileExFlags
[2m[36m(pid=19929)[0m     @     0x55555566998b Py_RunMain.cold.2916
[2m[36m(pid=19810)[0m     @     0x555555668ac6 PyRun_SimpleFileExFlags
[2m[36m(pid=19810)[0m     @     0x55555566998b Py_RunMain.cold.2916
[2m[36m(pid=19810)[0m     @     0x5555557a2d19 Py_BytesMain
[2m[36m(pid=19810)[0m     @     0x2aaaaaf0d555 __libc_start_main
[2m[36m(pid=20137)[0m     @     0x5555557a01f4 run_mod
[2m[36m(pid=20137)[0m     @     0x5555556686e1 PyRun_FileExFlags
[2m[36m(pid=20137)[0m     @     0x555555668ac6 PyRun_SimpleFileExFlags
[2m[36m(pid=20076)[0m     @     0x55555576dedc PyEval_EvalCode
[2m[36m(pid=20076)[0m     @     0x55555576df84 run_eval_code_obj
[2m[36m(pid=20076)[0m     @     0x5555557a01f4 run_mod
[2m[36m(pid=19844)[0m     @     0x5555556df754 PyEval_EvalCodeEx
[2m[36m(pid=19844)[0m     @     0x55555576dedc PyEval_EvalCode
[2m[36m(pid=19999)[0m     @     0x555555668ac6 PyRun_SimpleFileExFlags
[2m[36m(pid=19999)[0m     @     0x55555566998b Py_RunMain.cold.2916
[2m[36m(pid=19999)[0m     @     0x5555557a2d19 Py_BytesMain
[2m[36m(pid=19999)[0m     @     0x2aaaaaf0d555 __libc_start_main
[2m[36m(pid=20187)[0m     @     0x5555556686e1 PyRun_FileExFlags
[2m[36m(pid=20187)[0m     @     0x555555668ac6 PyRun_SimpleFileExFlags
[2m[36m(pid=20168)[0m     @     0x55555576dedc PyEval_EvalCode
[2m[36m(pid=20168)[0m     @     0x55555576df84 run_eval_code_obj
[2m[36m(pid=20168)[0m     @     0x5555557a01f4 run_mod
[2m[36m(pid=20193)[0m     @     0x555555668ac6 PyRun_SimpleFileExFlags
[2m[36m(pid=20193)[0m     @     0x55555566998b Py_RunMain.cold.2916
[2m[36m(pid=20193)[0m     @     0x5555557a2d19 Py_BytesMain
[2m[36m(pid=20193)[0m     @     0x2aaaaaf0d555 __libc_start_main
[2m[36m(pid=20134)[0m     @     0x55555566998b Py_RunMain.cold.2916
[2m[36m(pid=20134)[0m     @     0x5555557a2d19 Py_BytesMain
[2m[36m(pid=20134)[0m     @     0x2aaaaaf0d555 __libc_start_main
[2m[36m(pid=20134)[0m     @     0x555555732e93 (unknown)
[2m[36m(pid=19828)[0m     @     0x5555556686e1 PyRun_FileExFlags
[2m[36m(pid=19828)[0m     @     0x555555668ac6 PyRun_SimpleFileExFlags
[2m[36m(pid=19955)[0m     @     0x55555576df84 run_eval_code_obj
[2m[36m(pid=19955)[0m     @     0x5555557a01f4 run_mod
[2m[36m(pid=19955)[0m     @     0x5555556686e1 PyRun_FileExFlags
[2m[36m(pid=20092)[0m     @     0x5555557a01f4 run_mod
[2m[36m(pid=20092)[0m     @     0x5555556686e1 PyRun_FileExFlags
[2m[36m(pid=20092)[0m     @     0x555555668ac6 PyRun_SimpleFileExFlags
[2m[36m(pid=20026)[0m     @     0x5555556686e1 PyRun_FileExFlags
[2m[36m(pid=20026)[0m     @     0x555555668ac6 PyRun_SimpleFileExFlags
[2m[36m(pid=20026)[0m     @     0x55555566998b Py_RunMain.cold.2916
[2m[36m(pid=19929)[0m     @     0x5555557a2d19 Py_BytesMain
[2m[36m(pid=19844)[0m     @     0x55555576df84 run_eval_code_obj
[2m[36m(pid=20187)[0m     @     0x55555566998b Py_RunMain.cold.2916
[2m[36m(pid=19828)[0m     @     0x55555566998b Py_RunMain.cold.2916
[2m[36m(pid=19929)[0m     @     0x2aaaaaf0d555 __libc_start_main
[2m[36m(pid=20193)[0m     @     0x555555732e93 (unknown)
[2m[36m(pid=19929)[0m     @     0x555555732e93 (unknown)
[2m[36m(pid=19810)[0m     @     0x555555732e93 (unknown)
[2m[36m(pid=20137)[0m     @     0x55555566998b Py_RunMain.cold.2916
[2m[36m(pid=20137)[0m     @     0x5555557a2d19 Py_BytesMain
[2m[36m(pid=20137)[0m     @     0x2aaaaaf0d555 __libc_start_main
[2m[36m(pid=20137)[0m     @     0x555555732e93 (unknown)
[2m[36m(pid=20076)[0m     @     0x5555556686e1 PyRun_FileExFlags
[2m[36m(pid=20076)[0m     @     0x555555668ac6 PyRun_SimpleFileExFlags
[2m[36m(pid=20076)[0m     @     0x55555566998b Py_RunMain.cold.2916
[2m[36m(pid=20076)[0m     @     0x5555557a2d19 Py_BytesMain
[2m[36m(pid=20076)[0m     @     0x2aaaaaf0d555 __libc_start_main
[2m[36m(pid=19844)[0m     @     0x5555557a01f4 run_mod
[2m[36m(pid=19844)[0m     @     0x5555556686e1 PyRun_FileExFlags
[2m[36m(pid=19844)[0m     @     0x555555668ac6 PyRun_SimpleFileExFlags
[2m[36m(pid=19844)[0m     @     0x55555566998b Py_RunMain.cold.2916
[2m[36m(pid=19999)[0m     @     0x555555732e93 (unknown)
[2m[36m(pid=20187)[0m     @     0x5555557a2d19 Py_BytesMain
[2m[36m(pid=20187)[0m     @     0x2aaaaaf0d555 __libc_start_main
[2m[36m(pid=20187)[0m     @     0x555555732e93 (unknown)
[2m[36m(pid=20168)[0m     @     0x5555556686e1 PyRun_FileExFlags
[2m[36m(pid=20168)[0m     @     0x555555668ac6 PyRun_SimpleFileExFlags
[2m[36m(pid=20168)[0m     @     0x55555566998b Py_RunMain.cold.2916
[2m[36m(pid=20168)[0m     @     0x5555557a2d19 Py_BytesMain
[2m[36m(pid=20168)[0m     @     0x2aaaaaf0d555 __libc_start_main
[2m[36m(pid=20168)[0m     @     0x555555732e93 (unknown)
[2m[36m(pid=19828)[0m     @     0x5555557a2d19 Py_BytesMain
[2m[36m(pid=19828)[0m     @     0x2aaaaaf0d555 __libc_start_main
[2m[36m(pid=19828)[0m     @     0x555555732e93 (unknown)
[2m[36m(pid=19955)[0m     @     0x555555668ac6 PyRun_SimpleFileExFlags
[2m[36m(pid=19955)[0m     @     0x55555566998b Py_RunMain.cold.2916
[2m[36m(pid=19955)[0m     @     0x5555557a2d19 Py_BytesMain
[2m[36m(pid=19955)[0m     @     0x2aaaaaf0d555 __libc_start_main
[2m[36m(pid=19955)[0m     @     0x555555732e93 (unknown)
[2m[36m(pid=20092)[0m     @     0x55555566998b Py_RunMain.cold.2916
[2m[36m(pid=20092)[0m     @     0x5555557a2d19 Py_BytesMain
[2m[36m(pid=20092)[0m     @     0x2aaaaaf0d555 __libc_start_main
[2m[36m(pid=20092)[0m     @     0x555555732e93 (unknown)
[2m[36m(pid=20026)[0m     @     0x5555557a2d19 Py_BytesMain
[2m[36m(pid=20026)[0m     @     0x2aaaaaf0d555 __libc_start_main
[2m[36m(pid=20026)[0m     @     0x555555732e93 (unknown)
[2m[36m(pid=19844)[0m     @     0x5555557a2d19 Py_BytesMain
[2m[36m(pid=19844)[0m     @     0x2aaaaaf0d555 __libc_start_main
