2020-11-27 07:24:41,669	INFO services.py:1164 -- View the Ray dashboard at [1m[32mhttp://127.0.0.1:8265[39m[22m
[2m[36m(pid=49779)[0m E1127 17:17:40.676393 49779 50962 core_worker.cc:693] Raylet failed. Shutting down.
[2m[36m(pid=49808)[0m E1127 17:17:40.591708 49808 50569 core_worker.cc:693] Raylet failed. Shutting down.
[2m[36m(pid=49759)[0m E1127 17:17:40.660718 49759 50842 core_worker.cc:693] Raylet failed. Shutting down.
[2m[36m(pid=49813)[0m E1127 17:17:40.663360 49813 50870 core_worker.cc:693] Raylet failed. Shutting down.
[2m[36m(pid=49774)[0m E1127 17:17:41.566534 49774 50458 core_worker.cc:693] Raylet failed. Shutting down.
2020-11-27 17:18:46,036	WARNING worker.py:1072 -- The node with node id caba6480266b60f4b0fa8011e806a565376a0ccf has been marked dead because the detector has missed too many heartbeats from it.
[2m[36m(pid=49766)[0m E1127 17:17:40.665105 49766 50922 core_worker.cc:693] Raylet failed. Shutting down.
[2m[36m(pid=49804)[0m E1127 17:17:41.582062 49804 50531 core_worker.cc:693] Raylet failed. Shutting down.
[2m[36m(pid=49793)[0m E1127 17:17:49.957540 49793 50865 core_worker.cc:693] Raylet failed. Shutting down.
[2m[36m(pid=49786)[0m E1127 17:17:40.636832 49786 50800 core_worker.cc:693] Raylet failed. Shutting down.
[2m[36m(pid=49807)[0m E1127 17:17:40.586941 49807 50657 core_worker.cc:693] Raylet failed. Shutting down.
[2m[36m(pid=49815)[0m E1127 17:17:40.604538 49815 50679 core_worker.cc:693] Raylet failed. Shutting down.
[2m[36m(pid=49802)[0m E1127 17:17:41.526161 49802 50643 core_worker.cc:693] Raylet failed. Shutting down.
[2m[36m(pid=49762)[0m E1127 17:17:41.067972 49762 50574 core_worker.cc:693] Raylet failed. Shutting down.
[2m[36m(pid=49763)[0m E1127 17:17:40.601658 49763 50731 core_worker.cc:693] Raylet failed. Shutting down.
[2m[36m(pid=49765)[0m E1127 17:17:40.587116 49765 50606 core_worker.cc:693] Raylet failed. Shutting down.
[2m[36m(pid=49798)[0m E1127 17:17:49.818228 49798 50520 core_worker.cc:693] Raylet failed. Shutting down.
[2m[36m(pid=49803)[0m E1127 17:17:40.591686 49803 50599 core_worker.cc:693] Raylet failed. Shutting down.
[2m[36m(pid=49812)[0m E1127 17:17:49.819283 49812 50593 core_worker.cc:693] Raylet failed. Shutting down.
[2m[36m(pid=49787)[0m E1127 17:17:40.592895 49787 50571 core_worker.cc:693] Raylet failed. Shutting down.
[2m[36m(pid=49775)[0m E1127 17:17:41.160665 49775 50856 core_worker.cc:693] Raylet failed. Shutting down.
[2m[36m(pid=49796)[0m E1127 17:17:40.609980 49796 50713 core_worker.cc:693] Raylet failed. Shutting down.
[2m[36m(pid=49795)[0m E1127 17:17:40.602056 49795 50664 core_worker.cc:693] Raylet failed. Shutting down.
[2m[36m(pid=49781)[0m E1127 17:17:49.818506 49781 50778 core_worker.cc:693] Raylet failed. Shutting down.
[2m[36m(pid=49778)[0m E1127 17:17:40.660843 49778 51007 core_worker.cc:693] Raylet failed. Shutting down.
[2m[36m(pid=49791)[0m E1127 17:17:40.633899 49791 50757 core_worker.cc:693] Raylet failed. Shutting down.
[2m[36m(pid=49771)[0m E1127 17:17:40.810384 49771 50848 core_worker.cc:693] Raylet failed. Shutting down.
[2m[36m(pid=49782)[0m E1127 17:17:40.683779 49782 50995 core_worker.cc:693] Raylet failed. Shutting down.
[2m[36m(pid=49794)[0m E1127 17:17:40.609865 49794 50691 core_worker.cc:693] Raylet failed. Shutting down.
[2m[36m(pid=49789)[0m E1127 17:17:52.400216 49789 50983 core_worker.cc:693] Raylet failed. Shutting down.
[2m[36m(pid=49761)[0m E1127 17:17:40.667110 49761 50888 core_worker.cc:693] Raylet failed. Shutting down.
[2m[36m(pid=49797)[0m E1127 17:17:40.669051 49797 50891 core_worker.cc:693] Raylet failed. Shutting down.
[2m[36m(pid=49800)[0m E1127 17:17:40.662811 49800 50911 core_worker.cc:693] Raylet failed. Shutting down.
[2m[36m(pid=49805)[0m E1127 17:17:40.670958 49805 50932 core_worker.cc:693] Raylet failed. Shutting down.
[2m[36m(pid=49785)[0m E1127 17:17:52.289113 49785 50942 core_worker.cc:693] Raylet failed. Shutting down.
[2m[36m(pid=49816)[0m E1127 17:17:40.666823 49816 50890 core_worker.cc:693] Raylet failed. Shutting down.
[2m[36m(pid=49801)[0m E1127 17:17:49.818559 49801 50832 core_worker.cc:693] Raylet failed. Shutting down.
[2m[36m(pid=49777)[0m E1127 17:17:40.669806 49777 50974 core_worker.cc:693] Raylet failed. Shutting down.
[2m[36m(pid=49770)[0m E1127 17:17:40.671348 49770 50969 core_worker.cc:693] Raylet failed. Shutting down.
[2m[36m(pid=49809)[0m E1127 17:17:40.607636 49809 50753 core_worker.cc:693] Raylet failed. Shutting down.
[2m[36m(pid=49768)[0m E1127 17:17:40.668843 49768 50920 core_worker.cc:693] Raylet failed. Shutting down.
[2m[36m(pid=49792)[0m E1127 17:17:49.819195 49792 50881 core_worker.cc:693] Raylet failed. Shutting down.
[2m[36m(pid=49776)[0m E1127 17:17:40.590821 49776 50642 core_worker.cc:693] Raylet failed. Shutting down.
[2m[36m(pid=49760)[0m E1127 17:17:49.818909 49760 50485 core_worker.cc:693] Raylet failed. Shutting down.
[2m[36m(pid=49783)[0m E1127 17:17:40.600997 49783 50675 core_worker.cc:693] Raylet failed. Shutting down.
[2m[36m(pid=49767)[0m E1127 17:17:40.602953 49767 50726 core_worker.cc:693] Raylet failed. Shutting down.
[2m[36m(pid=49773)[0m E1127 17:17:40.600576 49773 50720 core_worker.cc:693] Raylet failed. Shutting down.
[2m[36m(pid=49772)[0m E1127 17:17:49.819097 49772 50686 core_worker.cc:693] Raylet failed. Shutting down.
[2m[36m(pid=49764)[0m E1127 17:17:40.603163 49764 50707 core_worker.cc:693] Raylet failed. Shutting down.
[2m[36m(pid=49811)[0m E1127 17:17:40.606786 49811 50670 core_worker.cc:693] Raylet failed. Shutting down.
[2m[36m(pid=49790)[0m E1127 17:17:49.897537 49790 50454 core_worker.cc:693] Raylet failed. Shutting down.
[2m[36m(pid=49788)[0m E1127 17:17:52.289403 49788 51009 core_worker.cc:693] Raylet failed. Shutting down.
[2m[36m(pid=49784)[0m E1127 17:17:49.818390 49784 50955 core_worker.cc:693] Raylet failed. Shutting down.
[2m[36m(pid=49780)[0m E1127 17:17:49.818377 49780 51032 core_worker.cc:693] Raylet failed. Shutting down.
[2m[36m(pid=49769)[0m E1127 17:17:41.084434 49769 51045 core_worker.cc:693] Raylet failed. Shutting down.
[2m[36m(pid=49814)[0m E1127 17:17:49.818316 49814 50917 core_worker.cc:693] Raylet failed. Shutting down.
[2m[36m(pid=49799)[0m E1127 17:17:40.672719 49799 51001 core_worker.cc:693] Raylet failed. Shutting down.
[2m[33m(pid=raylet)[0m F1127 17:17:31.147382 49719 49719 node_manager.cc:767]  Check failed: node_id != self_node_id_ Exiting because this node manager has mistakenly been marked dead by the monitor: GCS didn't receive heartbeats within timeout 30000 ms. This is likely since the machine or raylet became overloaded.
[2m[33m(pid=raylet)[0m *** Check failure stack trace: ***
[2m[33m(pid=raylet)[0m     @     0x555555a2f9cd  google::LogMessage::Fail()
[2m[33m(pid=raylet)[0m     @     0x555555a30b2c  google::LogMessage::SendToLog()
[2m[33m(pid=raylet)[0m     @     0x555555a2f6a9  google::LogMessage::Flush()
[2m[33m(pid=raylet)[0m     @     0x555555a2f8c1  google::LogMessage::~LogMessage()
[2m[33m(pid=raylet)[0m     @     0x5555559e7ad9  ray::RayLog::~RayLog()
[2m[33m(pid=raylet)[0m     @     0x5555557028f0  ray::raylet::NodeManager::NodeRemoved()
[2m[33m(pid=raylet)[0m     @     0x555555702acc  _ZNSt17_Function_handlerIFvRKN3ray8ClientIDERKNS0_3rpc11GcsNodeInfoEEZNS0_6raylet11NodeManager11RegisterGcsEvEUlS3_S7_E0_E9_M_invokeERKSt9_Any_dataS3_S7_
[2m[33m(pid=raylet)[0m     @     0x5555557f0f48  ray::gcs::ServiceBasedNodeInfoAccessor::HandleNotification()
[2m[33m(pid=raylet)[0m     @     0x5555557f11f6  _ZNSt17_Function_handlerIFvRKSsS1_EZZN3ray3gcs28ServiceBasedNodeInfoAccessor26AsyncSubscribeToNodeChangeERKSt8functionIFvRKNS3_8ClientIDERKNS3_3rpc11GcsNodeInfoEEERKS6_IFvNS3_6StatusEEEENKUlSM_E0_clESM_EUlS1_S1_E_E9_M_invokeERKSt9_Any_dataS1_S1_
[2m[33m(pid=raylet)[0m     @     0x5555557fb02a  _ZNSt17_Function_handlerIFvSt10shared_ptrIN3ray3gcs13CallbackReplyEEEZNS2_9GcsPubSub24ExecuteCommandIfPossibleERKSsRNS6_7ChannelEEUlS4_E_E9_M_invokeERKSt9_Any_dataS4_
[2m[33m(pid=raylet)[0m     @     0x5555557fcb0b  _ZN5boost4asio6detail18completion_handlerIZN3ray3gcs20RedisCallbackManager12CallbackItem8DispatchERSt10shared_ptrINS4_13CallbackReplyEEEUlvE_E11do_completeEPvPNS1_19scheduler_operationERKNS_6system10error_codeEm
[2m[33m(pid=raylet)[0m     @     0x555555d2d46f  boost::asio::detail::scheduler::do_run_one()
[2m[33m(pid=raylet)[0m     @     0x555555d2e971  boost::asio::detail::scheduler::run()
[2m[33m(pid=raylet)[0m     @     0x555555d2f9a2  boost::asio::io_context::run()
[2m[33m(pid=raylet)[0m     @     0x555555652fde  main
[2m[33m(pid=raylet)[0m     @     0x2aaaab9b3555  __libc_start_main
[2m[33m(pid=raylet)[0m     @     0x555555669bb1  (unknown)
E1128 16:46:32.115231 48036 48036 raylet_client.cc:130] IOError: Broken pipe [RayletClient] Failed to disconnect from raylet.
